#
# A fatal error has been detected by the Java Runtime Environment:
#
#  EXCEPTION_ACCESS_VIOLATION (0xc0000005) at pc=0x00007ffa433763b7, pid=42852, tid=14124
#
# JRE version: OpenJDK Runtime Environment Corretto-11.0.17.8.1 (11.0.17+8) (build 11.0.17+8-LTS)
# Java VM: OpenJDK 64-Bit Server VM Corretto-11.0.17.8.1 (11.0.17+8-LTS, mixed mode, tiered, compressed oops, g1 gc, windows-amd64)
# Problematic frame:
# C  [glass.dll+0x263b7]
#
# No core dump will be written. Minidumps are not enabled by default on client versions of Windows
#
# If you would like to submit a bug report, please visit:
#   https://github.com/corretto/corretto-11/issues/
#

---------------  S U M M A R Y ------------

Command Line: -javaagent:C:\Program Files\JetBrains\IntelliJ IDEA 2022.2.3\lib\idea_rt.jar=62335:C:\Program Files\JetBrains\IntelliJ IDEA 2022.2.3\bin -Dfile.encoding=UTF-8 --module-path=C:\Users\renat\.m2\repository\org\openjfx\javafx-controls\19\javafx-controls-19-win.jar;C:\Users\renat\.m2\repository\com\google\code\gson\gson\2.10\gson-2.10.jar;C:\Users\renat\t02_1\mainApp\target\classes;C:\Users\renat\.m2\repository\net\jthink\jaudiotagger\3.0.1\jaudiotagger-3.0.1.jar;C:\Users\renat\.m2\repository\org\openjfx\javafx-base\19\javafx-base-19-win.jar;C:\Users\renat\.m2\repository\com\fasterxml\jackson\core\jackson-core\2.14.0\jackson-core-2.14.0.jar;C:\Users\renat\.m2\repository\org\openjfx\javafx-fxml\19\javafx-fxml-19-win.jar;C:\Users\renat\.m2\repository\com\fasterxml\jackson\core\jackson-databind\2.14.0\jackson-databind-2.14.0.jar;C:\Users\renat\.m2\repository\org\openjfx\javafx-swing\19\javafx-swing-19-win.jar;C:\Users\renat\.m2\repository\com\fasterxml\jackson\core\jackson-annotations\2.14.0\jackson-annotations-2.14.0.jar;C:\Users\renat\.m2\repository\org\kordamp\bootstrapfx\bootstrapfx-core\0.4.0\bootstrapfx-core-0.4.0.jar;C:\Users\renat\.m2\repository\org\controlsfx\controlsfx\11.1.2\controlsfx-11.1.2.jar;C:\Users\renat\.m2\repository\org\openjfx\javafx-graphics\19\javafx-graphics-19-win.jar;C:\Users\renat\.m2\repository\org\kordamp\ikonli\ikonli-core\12.3.1\ikonli-core-12.3.1.jar;C:\Users\renat\.m2\repository\org\kordamp\ikonli\ikonli-javafx\12.3.1\ikonli-javafx-12.3.1.jar -Djdk.module.main=com.turdmusic.mainApp com.turdmusic.mainApp/com.turdmusic.mainApp.MainGUI

Host: Intel(R) Core(TM) i7-10510U CPU @ 1.80GHz, 8 cores, 15G,  Windows 11 , 64 bit Build 22621 (10.0.22621.755)
Time: Thu Dec  8 17:21:13 2022 Hora padrão de GMT elapsed time: 81.280782 seconds (0d 0h 1m 21s)

---------------  T H R E A D  ---------------

Current thread (0x0000023d17378000):  VMThread "VM Thread" [stack: 0x000000ccd4600000,0x000000ccd4700000] [id=14124]

Stack: [0x000000ccd4600000,0x000000ccd4700000],  sp=0x000000ccd46feec0,  free space=1019k
Native frames: (J=compiled Java code, j=interpreted, Vv=VM code, C=native code)
C  [glass.dll+0x263b7]


siginfo: EXCEPTION_ACCESS_VIOLATION (0xc0000005), reading address 0x0000000000000000


Register to memory mapping:

RIP=0x00007ffa433763b7 glass.dll
RAX=0x0 is NULL
RBX=0x0000023d17c3e0a8 is a global jni handle
RCX=0x0000023d17378000 points into unknown readable memory: 0x00007ffa2682d5e8 | e8 d5 82 26 fa 7f 00 00
RDX=0x000000ccd46feec0 points into unknown readable memory: 0x0000000000000000 | 00 00 00 00 00 00 00 00
RSP=0x000000ccd46feec0 points into unknown readable memory: 0x0000000000000000 | 00 00 00 00 00 00 00 00
RBP=0x0000023d18eacce8 points into unknown readable memory: 0x000073df27f48de1 | e1 8d f4 27 df 73 00 00
RSI=0x000000ccd46fefc8 points into unknown readable memory: 0x000000ccd46fefb0 | b0 ef 6f d4 cc 00 00 00
RDI=0x0000023d18eaccc0 points into unknown readable memory: 0x866e03cf27f47215 | 15 72 f4 27 cf 03 6e 86
R8 =0x0000000000010002 is an unknown value
R9 =0x0000023d18eaccc0 points into unknown readable memory: 0x866e03cf27f47215 | 15 72 f4 27 cf 03 6e 86
R10=0x85f13e9656da4870 is an unknown value
R11=0x000000ccd46fee50 points into unknown readable memory: 0x0000023d18eaccc0 | c0 cc ea 18 3d 02 00 00
R12=0x00007ffa43373cf0 glass.dll
R13=0x000000ccd3efee70 is pointing into the stack for thread: 0x0000023d19395000
R14=0x000073df27f48de1 is an unknown value
R15=0x0000023d18eaccc0 points into unknown readable memory: 0x866e03cf27f47215 | 15 72 f4 27 cf 03 6e 86


Registers:
RAX=0x0000000000000000, RBX=0x0000023d17c3e0a8, RCX=0x0000023d17378000, RDX=0x000000ccd46feec0
RSP=0x000000ccd46feec0, RBP=0x0000023d18eacce8, RSI=0x000000ccd46fefc8, RDI=0x0000023d18eaccc0
R8 =0x0000000000010002, R9 =0x0000023d18eaccc0, R10=0x85f13e9656da4870, R11=0x000000ccd46fee50
R12=0x00007ffa43373cf0, R13=0x000000ccd3efee70, R14=0x000073df27f48de1, R15=0x0000023d18eaccc0
RIP=0x00007ffa433763b7, EFLAGS=0x0000000000010206

Top of Stack: (sp=0x000000ccd46feec0)
0x000000ccd46feec0:   0000000000000000 000000ccd46fefc8
0x000000ccd46feed0:   000000ccd3efee70 00007ffa43373cf0
0x000000ccd46feee0:   0000023d18eaccc8 00007ffa72873a83
0x000000ccd46feef0:   0000023d18eaccc0 0000023d00000000
0x000000ccd46fef00:   0000023d18eacce8 000000ccd46fefc8
0x000000ccd46fef10:   fffffffffffffffe 0000000000000000
0x000000ccd46fef20:   0000000000000001 00007ffa43350000
0x000000ccd46fef30:   000000ccd46fefb8 00007ffa7284006e
0x000000ccd46fef40:   0000000000000000 000000ccd46fefc8
0x000000ccd46fef50:   000000ccd46ff2b0 0000000000000001
0x000000ccd46fef60:   0000000000000001 00007ffa7283da1d
0x000000ccd46fef70:   0000000000000000 00007ffa433734e9
0x000000ccd46fef80:   0000000000000000 000000ccd46fefb8
0x000000ccd46fef90:   fffffffffffffffe 000000ccd46ff200
0x000000ccd46fefa0:   0000000000000000 00007ffa43373b7d
0x000000ccd46fefb0:   00007ffa43389f88 00007ffa00000002 

Instructions: (pc=0x00007ffa433763b7)
0x00007ffa433762b7:   8b 4d 58 e8 7d cf ff ff 48 8b 4d 60 e8 74 cf ff
0x00007ffa433762c7:   ff 48 8b 95 80 00 00 00 48 8b 8d 18 01 00 00 e8
0x00007ffa433762d7:   66 c4 ff ff 33 d2 33 c9 e8 bc e1 ff ff 90 48 89
0x00007ffa433762e7:   54 24 10 55 48 83 ec 20 48 8b ea 48 b8 00 00 00
0x00007ffa433762f7:   00 00 00 00 00 48 83 c4 20 5d c3 cc 40 55 48 8b
0x00007ffa43376307:   ea 48 8b 01 33 c9 81 38 05 00 00 c0 0f 94 c1 8b
0x00007ffa43376317:   c1 5d c3 cc 40 55 48 83 ec 20 48 8b ea 8a 4d 40
0x00007ffa43376327:   48 83 c4 20 5d e9 63 d3 ff ff cc 40 55 48 83 ec
0x00007ffa43376337:   20 48 8b ea 8a 4d 20 e8 51 d3 ff ff 90 48 83 c4
0x00007ffa43376347:   20 5d c3 cc 40 55 48 83 ec 20 48 8b ea 48 83 c4
0x00007ffa43376357:   20 5d e9 b2 d1 ff ff cc 40 55 48 83 ec 30 48 8b
0x00007ffa43376367:   ea 48 8b 01 8b 10 48 89 4c 24 28 89 54 24 20 4c
0x00007ffa43376377:   8d 0d 53 d6 ff ff 4c 8b 45 70 8b 55 68 48 8b 4d
0x00007ffa43376387:   60 e8 f3 d0 ff ff 90 48 83 c4 30 5d c3 cc cc cc
0x00007ffa43376397:   cc cc cc cc cc cc cc cc cc 40 53 48 83 ec 20 48
0x00007ffa433763a7:   8b 1d db 35 01 00 48 85 db 74 16 e8 79 8b ff ff
0x00007ffa433763b7:   4c 8b 00 48 8b d3 48 8b c8 41 ff 90 b0 00 00 00
0x00007ffa433763c7:   90 48 83 c4 20 5b c3 cc cc 40 53 48 83 ec 20 48
0x00007ffa433763d7:   8b 1d 4b 37 01 00 48 85 db 74 57 b8 ff ff ff ff
0x00007ffa433763e7:   f0 0f c1 43 10 83 f8 01 75 3d 48 85 db 74 38 48
0x00007ffa433763f7:   8b 0b 48 85 c9 74 0d ff 15 a4 0e 00 00 48 c7 03
0x00007ffa43376407:   00 00 00 00 48 8b 4b 08 48 85 c9 74 0d e8 23 ce
0x00007ffa43376417:   ff ff 48 c7 43 08 00 00 00 00 ba 18 00 00 00 48
0x00007ffa43376427:   8b cb e8 0e ce ff ff 48 c7 05 ef 36 01 00 00 00
0x00007ffa43376437:   00 00 48 83 c4 20 5b c3 cc 40 53 48 83 ec 20 48
0x00007ffa43376447:   8b 1d bb 36 01 00 48 85 db 74 57 b8 ff ff ff ff
0x00007ffa43376457:   f0 0f c1 43 10 83 f8 01 75 3d 48 85 db 74 38 48
0x00007ffa43376467:   8b 0b 48 85 c9 74 0d ff 15 34 0e 00 00 48 c7 03
0x00007ffa43376477:   00 00 00 00 48 8b 4b 08 48 85 c9 74 0d e8 b3 cd
0x00007ffa43376487:   ff ff 48 c7 43 08 00 00 00 00 ba 18 00 00 00 48
0x00007ffa43376497:   8b cb e8 9e cd ff ff 48 c7 05 5f 36 01 00 00 00
0x00007ffa433764a7:   00 00 48 83 c4 20 5b c3 cc 40 53 48 83 ec 20 48 


Stack slot to memory mapping:
stack at sp + 0 slots: 0x0 is NULL
stack at sp + 1 slots: 0x000000ccd46fefc8 points into unknown readable memory: 0x000000ccd46fefb0 | b0 ef 6f d4 cc 00 00 00
stack at sp + 2 slots: 0x000000ccd3efee70 is pointing into the stack for thread: 0x0000023d19395000
stack at sp + 3 slots: 0x00007ffa43373cf0 glass.dll
stack at sp + 4 slots: 0x0000023d18eaccc8 points into unknown readable memory: 0x000073df27f48de1 | e1 8d f4 27 df 73 00 00
stack at sp + 5 slots: 0x00007ffa72873a83 ucrtbase.dll
stack at sp + 6 slots: 0x0000023d18eaccc0 points into unknown readable memory: 0x866e03cf27f47215 | 15 72 f4 27 cf 03 6e 86
stack at sp + 7 slots: 0x0000023d00000000 points into unknown readable memory: 0x0000000000000006 | 06 00 00 00 00 00 00 00

VM_Operation (0x000000ccd3efee70): Exit, mode: safepoint, requested by thread 0x0000023d19395000


---------------  P R O C E S S  ---------------

Threads class SMR info:
_java_thread_list=0x0000023d1ef0b810, length=19, elements={
0x0000023d736cf000, 0x0000023d1738d800, 0x0000023d17383000, 0x0000023d17c85800,
0x0000023d17c88800, 0x0000023d17c89800, 0x0000023d17c8e000, 0x0000023d17c9c000,
0x0000023d17c10800, 0x0000023d18552800, 0x0000023d184dd000, 0x0000023d18b3e000,
0x0000023d187e4800, 0x0000023d18f3d800, 0x0000023d18fd9800, 0x0000023d194d8800,
0x0000023d1958f800, 0x0000023d18293800, 0x0000023d19395000
}

Java Threads: ( => current thread )
  0x0000023d736cf000 JavaThread "main" [_thread_blocked, id=7640, stack(0x000000ccd4000000,0x000000ccd4100000)]
  0x0000023d1738d800 JavaThread "Reference Handler" daemon [_thread_blocked, id=34608, stack(0x000000ccd4700000,0x000000ccd4800000)]
  0x0000023d17383000 JavaThread "Finalizer" daemon [_thread_blocked, id=36800, stack(0x000000ccd4800000,0x000000ccd4900000)]
  0x0000023d17c85800 JavaThread "Attach Listener" daemon [_thread_blocked, id=36516, stack(0x000000ccd4a00000,0x000000ccd4b00000)]
  0x0000023d17c88800 JavaThread "Service Thread" daemon [_thread_blocked, id=37404, stack(0x000000ccd4b00000,0x000000ccd4c00000)]
  0x0000023d17c89800 JavaThread "C2 CompilerThread0" daemon [_thread_blocked, id=12444, stack(0x000000ccd4c00000,0x000000ccd4d00000)]
  0x0000023d17c8e000 JavaThread "C1 CompilerThread0" daemon [_thread_blocked, id=26184, stack(0x000000ccd4d00000,0x000000ccd4e00000)]
  0x0000023d17c9c000 JavaThread "Sweeper thread" daemon [_thread_blocked, id=40824, stack(0x000000ccd4e00000,0x000000ccd4f00000)]
  0x0000023d17c10800 JavaThread "Common-Cleaner" daemon [_thread_blocked, id=4676, stack(0x000000ccd4f00000,0x000000ccd5000000)]
  0x0000023d18552800 JavaThread "Monitor Ctrl-Break" daemon [_thread_in_native, id=22268, stack(0x000000ccd5200000,0x000000ccd5300000)]
  0x0000023d184dd000 JavaThread "QuantumRenderer-0" daemon [_thread_blocked, id=19404, stack(0x000000ccd5400000,0x000000ccd5500000)]
  0x0000023d18b3e000 JavaThread "InvokeLaterDispatcher" daemon [_thread_blocked, id=41528, stack(0x000000ccd5500000,0x000000ccd5600000)]
  0x0000023d187e4800 JavaThread "JavaFX Application Thread" [_thread_in_native, id=30444, stack(0x000000ccd5600000,0x000000ccd5700000)]
  0x0000023d18f3d800 JavaThread "Thread-1" daemon [_thread_in_native, id=41264, stack(0x000000ccd5f00000,0x000000ccd6000000)]
  0x0000023d18fd9800 JavaThread "JavaFX-Launcher" [_thread_blocked, id=6000, stack(0x000000ccd5100000,0x000000ccd5200000)]
  0x0000023d194d8800 JavaThread "Prism Font Disposer" daemon [_thread_blocked, id=18988, stack(0x000000ccd6400000,0x000000ccd6500000)]
  0x0000023d1958f800 JavaThread "Cleaner-0" daemon [_thread_blocked, id=11088, stack(0x000000ccd6000000,0x000000ccd6100000)]
  0x0000023d18293800 JavaThread "Java2D Disposer" daemon [_thread_blocked, id=31056, stack(0x000000ccd6600000,0x000000ccd6700000)]
  0x0000023d19395000 JavaThread "SIGINT handler" daemon [_thread_blocked, id=13044, stack(0x000000ccd3e00000,0x000000ccd3f00000)]

Other Threads:
=>0x0000023d17378000 VMThread "VM Thread" [stack: 0x000000ccd4600000,0x000000ccd4700000] [id=14124]
  0x0000023d736e7800 GCTaskThread "GC Thread#0" [stack: 0x000000ccd4100000,0x000000ccd4200000] [id=27360]
  0x0000023d18eee000 GCTaskThread "GC Thread#1" [stack: 0x000000ccd5a00000,0x000000ccd5b00000] [id=27108]
  0x0000023d18de8800 GCTaskThread "GC Thread#2" [stack: 0x000000ccd5b00000,0x000000ccd5c00000] [id=22400]
  0x0000023d18de9800 GCTaskThread "GC Thread#3" [stack: 0x000000ccd5c00000,0x000000ccd5d00000] [id=27172]
  0x0000023d18eeb000 GCTaskThread "GC Thread#4" [stack: 0x000000ccd5d00000,0x000000ccd5e00000] [id=28568]
  0x0000023d18eec000 GCTaskThread "GC Thread#5" [stack: 0x000000ccd5e00000,0x000000ccd5f00000] [id=33768]
  0x0000023d73745800 ConcurrentGCThread "G1 Main Marker" [stack: 0x000000ccd4200000,0x000000ccd4300000] [id=35468]
  0x0000023d73747800 ConcurrentGCThread "G1 Conc#0" [stack: 0x000000ccd4300000,0x000000ccd4400000] [id=23436]
  0x0000023d20aa9800 ConcurrentGCThread "G1 Conc#1" [stack: 0x000000ccd6500000,0x000000ccd6600000] [id=24524]
  0x0000023d17258800 ConcurrentGCThread "G1 Refine#0" [stack: 0x000000ccd4400000,0x000000ccd4500000] [id=40384]
  0x0000023d1725b800 ConcurrentGCThread "G1 Young RemSet Sampling" [stack: 0x000000ccd4500000,0x000000ccd4600000] [id=37220]

Threads with active compile tasks:
C1 CompilerThread0    81523 3249       3       com.sun.javafx.font.FontStrikeDesc::hashCode (68 bytes)

VM state:at safepoint (shutting down)

VM Mutex/Monitor currently owned by a thread:  ([mutex/lock_event])
[0x0000023d736ca450] Threads_lock - owner thread: 0x0000023d17378000

Heap address: 0x0000000703600000, size: 4042 MB, Compressed Oops mode: Zero based, Oop shift amount: 3
Narrow klass base: 0x0000000800000000, Narrow klass shift: 0
Compressed class space size: 1073741824 Address: 0x0000000800000000

Heap:
 garbage-first heap   total 260096K, used 101376K [0x0000000703600000, 0x0000000800000000)
  region size 1024K, 68 young (69632K), 7 survivors (7168K)
 Metaspace       used 29136K, capacity 30130K, committed 30336K, reserved 1075200K
  class space    used 3532K, capacity 3931K, committed 3968K, reserved 1048576K
Heap Regions: E=young(eden), S=young(survivor), O=old, HS=humongous(starts), HC=humongous(continues), CS=collection set, F=free, A=archive, TAMS=top-at-mark-start (previous, next)
|   0|0x0000000703600000, 0x0000000703700000, 0x0000000703700000|100%|HS|  |TAMS 0x0000000703600000, 0x0000000703600000| Complete 
|   1|0x0000000703700000, 0x0000000703800000, 0x0000000703800000|100%|HC|  |TAMS 0x0000000703700000, 0x0000000703700000| Complete 
|   2|0x0000000703800000, 0x0000000703900000, 0x0000000703900000|100%|HS|  |TAMS 0x0000000703800000, 0x0000000703800000| Complete 
|   3|0x0000000703900000, 0x0000000703a00000, 0x0000000703a00000|100%|HC|  |TAMS 0x0000000703900000, 0x0000000703900000| Complete 
|   4|0x0000000703a00000, 0x0000000703b00000, 0x0000000703b00000|100%|HC|  |TAMS 0x0000000703a00000, 0x0000000703a00000| Complete 
|   5|0x0000000703b00000, 0x0000000703c00000, 0x0000000703c00000|100%|HC|  |TAMS 0x0000000703b00000, 0x0000000703b00000| Complete 
|   6|0x0000000703c00000, 0x0000000703d00000, 0x0000000703d00000|100%|HC|  |TAMS 0x0000000703c00000, 0x0000000703c00000| Complete 
|   7|0x0000000703d00000, 0x0000000703e00000, 0x0000000703e00000|100%|HC|  |TAMS 0x0000000703d00000, 0x0000000703d00000| Complete 
|   8|0x0000000703e00000, 0x0000000703f00000, 0x0000000703f00000|100%|HC|  |TAMS 0x0000000703e00000, 0x0000000703e00000| Complete 
|   9|0x0000000703f00000, 0x0000000704000000, 0x0000000704000000|100%|HC|  |TAMS 0x0000000703f00000, 0x0000000703f00000| Complete 
|  10|0x0000000704000000, 0x0000000704100000, 0x0000000704100000|100%|HC|  |TAMS 0x0000000704000000, 0x0000000704000000| Complete 
|  11|0x0000000704100000, 0x0000000704200000, 0x0000000704200000|100%|HC|  |TAMS 0x0000000704100000, 0x0000000704100000| Complete 
|  12|0x0000000704200000, 0x0000000704300000, 0x0000000704300000|100%|HC|  |TAMS 0x0000000704200000, 0x0000000704200000| Complete 
|  13|0x0000000704300000, 0x0000000704400000, 0x0000000704400000|100%|HC|  |TAMS 0x0000000704300000, 0x0000000704300000| Complete 
|  14|0x0000000704400000, 0x0000000704500000, 0x0000000704500000|100%|HC|  |TAMS 0x0000000704400000, 0x0000000704400000| Complete 
|  15|0x0000000704500000, 0x0000000704600000, 0x0000000704600000|100%|HC|  |TAMS 0x0000000704500000, 0x0000000704500000| Complete 
|  16|0x0000000704600000, 0x0000000704700000, 0x0000000704700000|100%|HC|  |TAMS 0x0000000704600000, 0x0000000704600000| Complete 
|  17|0x0000000704700000, 0x0000000704800000, 0x0000000704800000|100%|HC|  |TAMS 0x0000000704700000, 0x0000000704700000| Complete 
|  18|0x0000000704800000, 0x0000000704900000, 0x0000000704900000|100%|HC|  |TAMS 0x0000000704800000, 0x0000000704800000| Complete 
|  19|0x0000000704900000, 0x0000000704a00000, 0x0000000704a00000|100%|HC|  |TAMS 0x0000000704900000, 0x0000000704900000| Complete 
|  20|0x0000000704a00000, 0x0000000704b00000, 0x0000000704b00000|100%|HC|  |TAMS 0x0000000704a00000, 0x0000000704a00000| Complete 
|  21|0x0000000704b00000, 0x0000000704c00000, 0x0000000704c00000|100%|HC|  |TAMS 0x0000000704b00000, 0x0000000704b00000| Complete 
|  22|0x0000000704c00000, 0x0000000704d00000, 0x0000000704d00000|100%|HC|  |TAMS 0x0000000704c00000, 0x0000000704c00000| Complete 
|  23|0x0000000704d00000, 0x0000000704e00000, 0x0000000704e00000|100%|HC|  |TAMS 0x0000000704d00000, 0x0000000704d00000| Complete 
|  24|0x0000000704e00000, 0x0000000704f00000, 0x0000000704f00000|100%|HC|  |TAMS 0x0000000704e00000, 0x0000000704e00000| Complete 
|  25|0x0000000704f00000, 0x0000000705000000, 0x0000000705000000|100%|HC|  |TAMS 0x0000000704f00000, 0x0000000704f00000| Complete 
|  26|0x0000000705000000, 0x0000000705100000, 0x0000000705100000|100%|HC|  |TAMS 0x0000000705000000, 0x0000000705000000| Complete 
|  27|0x0000000705100000, 0x0000000705200000, 0x0000000705200000|100%|HC|  |TAMS 0x0000000705100000, 0x0000000705100000| Complete 
|  28|0x0000000705200000, 0x0000000705300000, 0x0000000705300000|100%|HC|  |TAMS 0x0000000705200000, 0x0000000705200000| Complete 
|  29|0x0000000705300000, 0x0000000705400000, 0x0000000705400000|100%|HC|  |TAMS 0x0000000705300000, 0x0000000705300000| Complete 
|  30|0x0000000705400000, 0x0000000705500000, 0x0000000705500000|100%|HS|  |TAMS 0x0000000705400000, 0x0000000705400000| Complete 
|  31|0x0000000705500000, 0x0000000705600000, 0x0000000705600000|100%|HC|  |TAMS 0x0000000705500000, 0x0000000705500000| Complete 
|  32|0x0000000705600000, 0x0000000705600000, 0x0000000705700000|  0%| F|  |TAMS 0x0000000705600000, 0x0000000705600000| Untracked 
|  33|0x0000000705700000, 0x0000000705700000, 0x0000000705800000|  0%| F|  |TAMS 0x0000000705700000, 0x0000000705700000| Untracked 
|  34|0x0000000705800000, 0x0000000705800000, 0x0000000705900000|  0%| F|  |TAMS 0x0000000705800000, 0x0000000705800000| Untracked 
|  35|0x0000000705900000, 0x0000000705900000, 0x0000000705a00000|  0%| F|  |TAMS 0x0000000705900000, 0x0000000705900000| Untracked 
|  36|0x0000000705a00000, 0x0000000705a00000, 0x0000000705b00000|  0%| F|  |TAMS 0x0000000705a00000, 0x0000000705a00000| Untracked 
|  37|0x0000000705b00000, 0x0000000705b00000, 0x0000000705c00000|  0%| F|  |TAMS 0x0000000705b00000, 0x0000000705b00000| Untracked 
|  38|0x0000000705c00000, 0x0000000705c00000, 0x0000000705d00000|  0%| F|  |TAMS 0x0000000705c00000, 0x0000000705c00000| Untracked 
|  39|0x0000000705d00000, 0x0000000705d00000, 0x0000000705e00000|  0%| F|  |TAMS 0x0000000705d00000, 0x0000000705d00000| Untracked 
|  40|0x0000000705e00000, 0x0000000705e00000, 0x0000000705f00000|  0%| F|  |TAMS 0x0000000705e00000, 0x0000000705e00000| Untracked 
|  41|0x0000000705f00000, 0x0000000705f00000, 0x0000000706000000|  0%| F|  |TAMS 0x0000000705f00000, 0x0000000705f00000| Untracked 
|  42|0x0000000706000000, 0x0000000706000000, 0x0000000706100000|  0%| F|  |TAMS 0x0000000706000000, 0x0000000706000000| Untracked 
|  43|0x0000000706100000, 0x0000000706100000, 0x0000000706200000|  0%| F|  |TAMS 0x0000000706100000, 0x0000000706100000| Untracked 
|  44|0x0000000706200000, 0x0000000706200000, 0x0000000706300000|  0%| F|  |TAMS 0x0000000706200000, 0x0000000706200000| Untracked 
|  45|0x0000000706300000, 0x0000000706300000, 0x0000000706400000|  0%| F|  |TAMS 0x0000000706300000, 0x0000000706300000| Untracked 
|  46|0x0000000706400000, 0x0000000706400000, 0x0000000706500000|  0%| F|  |TAMS 0x0000000706400000, 0x0000000706400000| Untracked 
|  47|0x0000000706500000, 0x0000000706500000, 0x0000000706600000|  0%| F|  |TAMS 0x0000000706500000, 0x0000000706500000| Untracked 
|  48|0x0000000706600000, 0x0000000706600000, 0x0000000706700000|  0%| F|  |TAMS 0x0000000706600000, 0x0000000706600000| Untracked 
|  49|0x0000000706700000, 0x0000000706700000, 0x0000000706800000|  0%| F|  |TAMS 0x0000000706700000, 0x0000000706700000| Untracked 
|  50|0x0000000706800000, 0x0000000706800000, 0x0000000706900000|  0%| F|  |TAMS 0x0000000706800000, 0x0000000706800000| Untracked 
|  51|0x0000000706900000, 0x0000000706900000, 0x0000000706a00000|  0%| F|  |TAMS 0x0000000706900000, 0x0000000706900000| Untracked 
|  52|0x0000000706a00000, 0x0000000706a00000, 0x0000000706b00000|  0%| F|  |TAMS 0x0000000706a00000, 0x0000000706a00000| Untracked 
|  53|0x0000000706b00000, 0x0000000706b00000, 0x0000000706c00000|  0%| F|  |TAMS 0x0000000706b00000, 0x0000000706b00000| Untracked 
|  54|0x0000000706c00000, 0x0000000706c00000, 0x0000000706d00000|  0%| F|  |TAMS 0x0000000706c00000, 0x0000000706c00000| Untracked 
|  55|0x0000000706d00000, 0x0000000706d00000, 0x0000000706e00000|  0%| F|  |TAMS 0x0000000706d00000, 0x0000000706d00000| Untracked 
|  56|0x0000000706e00000, 0x0000000706e00000, 0x0000000706f00000|  0%| F|  |TAMS 0x0000000706e00000, 0x0000000706e00000| Untracked 
|  57|0x0000000706f00000, 0x0000000706f00000, 0x0000000707000000|  0%| F|  |TAMS 0x0000000706f00000, 0x0000000706f00000| Untracked 
|  58|0x0000000707000000, 0x0000000707000000, 0x0000000707100000|  0%| F|  |TAMS 0x0000000707000000, 0x0000000707000000| Untracked 
|  59|0x0000000707100000, 0x0000000707100000, 0x0000000707200000|  0%| F|  |TAMS 0x0000000707100000, 0x0000000707100000| Untracked 
|  60|0x0000000707200000, 0x0000000707200000, 0x0000000707300000|  0%| F|  |TAMS 0x0000000707200000, 0x0000000707200000| Untracked 
|  61|0x0000000707300000, 0x0000000707300000, 0x0000000707400000|  0%| F|  |TAMS 0x0000000707300000, 0x0000000707300000| Untracked 
|  62|0x0000000707400000, 0x0000000707400000, 0x0000000707500000|  0%| F|  |TAMS 0x0000000707400000, 0x0000000707400000| Untracked 
|  63|0x0000000707500000, 0x0000000707500000, 0x0000000707600000|  0%| F|  |TAMS 0x0000000707500000, 0x0000000707500000| Untracked 
|  64|0x0000000707600000, 0x0000000707600000, 0x0000000707700000|  0%| F|  |TAMS 0x0000000707600000, 0x0000000707600000| Untracked 
|  65|0x0000000707700000, 0x0000000707700000, 0x0000000707800000|  0%| F|  |TAMS 0x0000000707700000, 0x0000000707700000| Untracked 
|  66|0x0000000707800000, 0x0000000707800000, 0x0000000707900000|  0%| F|  |TAMS 0x0000000707800000, 0x0000000707800000| Untracked 
|  67|0x0000000707900000, 0x0000000707900000, 0x0000000707a00000|  0%| F|  |TAMS 0x0000000707900000, 0x0000000707900000| Untracked 
|  68|0x0000000707a00000, 0x0000000707a00000, 0x0000000707b00000|  0%| F|  |TAMS 0x0000000707a00000, 0x0000000707a00000| Untracked 
|  69|0x0000000707b00000, 0x0000000707b00000, 0x0000000707c00000|  0%| F|  |TAMS 0x0000000707b00000, 0x0000000707b00000| Untracked 
|  70|0x0000000707c00000, 0x0000000707c00000, 0x0000000707d00000|  0%| F|  |TAMS 0x0000000707c00000, 0x0000000707c00000| Untracked 
|  71|0x0000000707d00000, 0x0000000707d00000, 0x0000000707e00000|  0%| F|  |TAMS 0x0000000707d00000, 0x0000000707d00000| Untracked 
|  72|0x0000000707e00000, 0x0000000707e00000, 0x0000000707f00000|  0%| F|  |TAMS 0x0000000707e00000, 0x0000000707e00000| Untracked 
|  73|0x0000000707f00000, 0x0000000707f00000, 0x0000000708000000|  0%| F|  |TAMS 0x0000000707f00000, 0x0000000707f00000| Untracked 
|  74|0x0000000708000000, 0x0000000708000000, 0x0000000708100000|  0%| F|  |TAMS 0x0000000708000000, 0x0000000708000000| Untracked 
|  75|0x0000000708100000, 0x0000000708100000, 0x0000000708200000|  0%| F|  |TAMS 0x0000000708100000, 0x0000000708100000| Untracked 
|  76|0x0000000708200000, 0x0000000708200000, 0x0000000708300000|  0%| F|  |TAMS 0x0000000708200000, 0x0000000708200000| Untracked 
|  77|0x0000000708300000, 0x0000000708300000, 0x0000000708400000|  0%| F|  |TAMS 0x0000000708300000, 0x0000000708300000| Untracked 
|  78|0x0000000708400000, 0x0000000708400000, 0x0000000708500000|  0%| F|  |TAMS 0x0000000708400000, 0x0000000708400000| Untracked 
|  79|0x0000000708500000, 0x0000000708500000, 0x0000000708600000|  0%| F|  |TAMS 0x0000000708500000, 0x0000000708500000| Untracked 
|  80|0x0000000708600000, 0x0000000708600000, 0x0000000708700000|  0%| F|  |TAMS 0x0000000708600000, 0x0000000708600000| Untracked 
|  81|0x0000000708700000, 0x0000000708700000, 0x0000000708800000|  0%| F|  |TAMS 0x0000000708700000, 0x0000000708700000| Untracked 
|  82|0x0000000708800000, 0x0000000708800000, 0x0000000708900000|  0%| F|  |TAMS 0x0000000708800000, 0x0000000708800000| Untracked 
|  83|0x0000000708900000, 0x0000000708900000, 0x0000000708a00000|  0%| F|  |TAMS 0x0000000708900000, 0x0000000708900000| Untracked 
|  84|0x0000000708a00000, 0x0000000708a00000, 0x0000000708b00000|  0%| F|  |TAMS 0x0000000708a00000, 0x0000000708a00000| Untracked 
|  85|0x0000000708b00000, 0x0000000708b00000, 0x0000000708c00000|  0%| F|  |TAMS 0x0000000708b00000, 0x0000000708b00000| Untracked 
|  86|0x0000000708c00000, 0x0000000708c00000, 0x0000000708d00000|  0%| F|  |TAMS 0x0000000708c00000, 0x0000000708c00000| Untracked 
|  87|0x0000000708d00000, 0x0000000708d00000, 0x0000000708e00000|  0%| F|  |TAMS 0x0000000708d00000, 0x0000000708d00000| Untracked 
|  88|0x0000000708e00000, 0x0000000708e00000, 0x0000000708f00000|  0%| F|  |TAMS 0x0000000708e00000, 0x0000000708e00000| Untracked 
|  89|0x0000000708f00000, 0x0000000708f00000, 0x0000000709000000|  0%| F|  |TAMS 0x0000000708f00000, 0x0000000708f00000| Untracked 
|  90|0x0000000709000000, 0x0000000709000000, 0x0000000709100000|  0%| F|  |TAMS 0x0000000709000000, 0x0000000709000000| Untracked 
|  91|0x0000000709100000, 0x0000000709100000, 0x0000000709200000|  0%| F|  |TAMS 0x0000000709100000, 0x0000000709100000| Untracked 
|  92|0x0000000709200000, 0x0000000709200000, 0x0000000709300000|  0%| F|  |TAMS 0x0000000709200000, 0x0000000709200000| Untracked 
|  93|0x0000000709300000, 0x0000000709300000, 0x0000000709400000|  0%| F|  |TAMS 0x0000000709300000, 0x0000000709300000| Untracked 
|  94|0x0000000709400000, 0x0000000709400000, 0x0000000709500000|  0%| F|  |TAMS 0x0000000709400000, 0x0000000709400000| Untracked 
|  95|0x0000000709500000, 0x0000000709500000, 0x0000000709600000|  0%| F|  |TAMS 0x0000000709500000, 0x0000000709500000| Untracked 
|  96|0x0000000709600000, 0x0000000709600000, 0x0000000709700000|  0%| F|  |TAMS 0x0000000709600000, 0x0000000709600000| Untracked 
|  97|0x0000000709700000, 0x0000000709700000, 0x0000000709800000|  0%| F|  |TAMS 0x0000000709700000, 0x0000000709700000| Untracked 
|  98|0x0000000709800000, 0x0000000709800000, 0x0000000709900000|  0%| F|  |TAMS 0x0000000709800000, 0x0000000709800000| Untracked 
|  99|0x0000000709900000, 0x0000000709900000, 0x0000000709a00000|  0%| F|  |TAMS 0x0000000709900000, 0x0000000709900000| Untracked 
| 100|0x0000000709a00000, 0x0000000709a00000, 0x0000000709b00000|  0%| F|  |TAMS 0x0000000709a00000, 0x0000000709a00000| Untracked 
| 101|0x0000000709b00000, 0x0000000709b00000, 0x0000000709c00000|  0%| F|  |TAMS 0x0000000709b00000, 0x0000000709b00000| Untracked 
| 102|0x0000000709c00000, 0x0000000709c00000, 0x0000000709d00000|  0%| F|  |TAMS 0x0000000709c00000, 0x0000000709c00000| Untracked 
| 103|0x0000000709d00000, 0x0000000709d00000, 0x0000000709e00000|  0%| F|  |TAMS 0x0000000709d00000, 0x0000000709d00000| Untracked 
| 104|0x0000000709e00000, 0x0000000709e00000, 0x0000000709f00000|  0%| F|  |TAMS 0x0000000709e00000, 0x0000000709e00000| Untracked 
| 105|0x0000000709f00000, 0x0000000709f00000, 0x000000070a000000|  0%| F|  |TAMS 0x0000000709f00000, 0x0000000709f00000| Untracked 
| 106|0x000000070a000000, 0x000000070a000000, 0x000000070a100000|  0%| F|  |TAMS 0x000000070a000000, 0x000000070a000000| Untracked 
| 107|0x000000070a100000, 0x000000070a100000, 0x000000070a200000|  0%| F|  |TAMS 0x000000070a100000, 0x000000070a100000| Untracked 
| 108|0x000000070a200000, 0x000000070a200000, 0x000000070a300000|  0%| F|  |TAMS 0x000000070a200000, 0x000000070a200000| Untracked 
| 109|0x000000070a300000, 0x000000070a300000, 0x000000070a400000|  0%| F|  |TAMS 0x000000070a300000, 0x000000070a300000| Untracked 
| 110|0x000000070a400000, 0x000000070a400000, 0x000000070a500000|  0%| F|  |TAMS 0x000000070a400000, 0x000000070a400000| Untracked 
| 111|0x000000070a500000, 0x000000070a500000, 0x000000070a600000|  0%| F|  |TAMS 0x000000070a500000, 0x000000070a500000| Untracked 
| 112|0x000000070a600000, 0x000000070a600000, 0x000000070a700000|  0%| F|  |TAMS 0x000000070a600000, 0x000000070a600000| Untracked 
| 113|0x000000070a700000, 0x000000070a700000, 0x000000070a800000|  0%| F|  |TAMS 0x000000070a700000, 0x000000070a700000| Untracked 
| 114|0x000000070a800000, 0x000000070a800000, 0x000000070a900000|  0%| F|  |TAMS 0x000000070a800000, 0x000000070a800000| Untracked 
| 115|0x000000070a900000, 0x000000070a900000, 0x000000070aa00000|  0%| F|  |TAMS 0x000000070a900000, 0x000000070a900000| Untracked 
| 116|0x000000070aa00000, 0x000000070aa00000, 0x000000070ab00000|  0%| F|  |TAMS 0x000000070aa00000, 0x000000070aa00000| Untracked 
| 117|0x000000070ab00000, 0x000000070ab00000, 0x000000070ac00000|  0%| F|  |TAMS 0x000000070ab00000, 0x000000070ab00000| Untracked 
| 118|0x000000070ac00000, 0x000000070ac00000, 0x000000070ad00000|  0%| F|  |TAMS 0x000000070ac00000, 0x000000070ac00000| Untracked 
| 119|0x000000070ad00000, 0x000000070ad00000, 0x000000070ae00000|  0%| F|  |TAMS 0x000000070ad00000, 0x000000070ad00000| Untracked 
| 120|0x000000070ae00000, 0x000000070ae00000, 0x000000070af00000|  0%| F|  |TAMS 0x000000070ae00000, 0x000000070ae00000| Untracked 
| 121|0x000000070af00000, 0x000000070af00000, 0x000000070b000000|  0%| F|  |TAMS 0x000000070af00000, 0x000000070af00000| Untracked 
| 122|0x000000070b000000, 0x000000070b000000, 0x000000070b100000|  0%| F|  |TAMS 0x000000070b000000, 0x000000070b000000| Untracked 
| 123|0x000000070b100000, 0x000000070b100000, 0x000000070b200000|  0%| F|  |TAMS 0x000000070b100000, 0x000000070b100000| Untracked 
| 124|0x000000070b200000, 0x000000070b200000, 0x000000070b300000|  0%| F|  |TAMS 0x000000070b200000, 0x000000070b200000| Untracked 
| 125|0x000000070b300000, 0x000000070b300000, 0x000000070b400000|  0%| F|  |TAMS 0x000000070b300000, 0x000000070b300000| Untracked 
| 126|0x000000070b400000, 0x000000070b400000, 0x000000070b500000|  0%| F|  |TAMS 0x000000070b400000, 0x000000070b400000| Untracked 
| 127|0x000000070b500000, 0x000000070b500000, 0x000000070b600000|  0%| F|  |TAMS 0x000000070b500000, 0x000000070b500000| Untracked 
| 128|0x000000070b600000, 0x000000070b600000, 0x000000070b700000|  0%| F|  |TAMS 0x000000070b600000, 0x000000070b600000| Untracked 
| 129|0x000000070b700000, 0x000000070b700000, 0x000000070b800000|  0%| F|  |TAMS 0x000000070b700000, 0x000000070b700000| Untracked 
| 130|0x000000070b800000, 0x000000070b800000, 0x000000070b900000|  0%| F|  |TAMS 0x000000070b800000, 0x000000070b800000| Untracked 
| 131|0x000000070b900000, 0x000000070b900000, 0x000000070ba00000|  0%| F|  |TAMS 0x000000070b900000, 0x000000070b900000| Untracked 
| 132|0x000000070ba00000, 0x000000070ba00000, 0x000000070bb00000|  0%| F|  |TAMS 0x000000070ba00000, 0x000000070ba00000| Untracked 
| 133|0x000000070bb00000, 0x000000070bb00000, 0x000000070bc00000|  0%| F|  |TAMS 0x000000070bb00000, 0x000000070bb00000| Untracked 
| 134|0x000000070bc00000, 0x000000070bc00000, 0x000000070bd00000|  0%| F|  |TAMS 0x000000070bc00000, 0x000000070bc00000| Untracked 
| 135|0x000000070bd00000, 0x000000070bd00000, 0x000000070be00000|  0%| F|  |TAMS 0x000000070bd00000, 0x000000070bd00000| Untracked 
| 136|0x000000070be00000, 0x000000070be00000, 0x000000070bf00000|  0%| F|  |TAMS 0x000000070be00000, 0x000000070be00000| Untracked 
| 137|0x000000070bf00000, 0x000000070bf00000, 0x000000070c000000|  0%| F|  |TAMS 0x000000070bf00000, 0x000000070bf00000| Untracked 
| 138|0x000000070c000000, 0x000000070c000000, 0x000000070c100000|  0%| F|  |TAMS 0x000000070c000000, 0x000000070c000000| Untracked 
| 139|0x000000070c100000, 0x000000070c100000, 0x000000070c200000|  0%| F|  |TAMS 0x000000070c100000, 0x000000070c100000| Untracked 
| 140|0x000000070c200000, 0x000000070c200000, 0x000000070c300000|  0%| F|  |TAMS 0x000000070c200000, 0x000000070c200000| Untracked 
| 141|0x000000070c300000, 0x000000070c300000, 0x000000070c400000|  0%| F|  |TAMS 0x000000070c300000, 0x000000070c300000| Untracked 
| 142|0x000000070c400000, 0x000000070c400000, 0x000000070c500000|  0%| F|  |TAMS 0x000000070c400000, 0x000000070c400000| Untracked 
| 143|0x000000070c500000, 0x000000070c500000, 0x000000070c600000|  0%| F|  |TAMS 0x000000070c500000, 0x000000070c500000| Untracked 
| 144|0x000000070c600000, 0x000000070c600000, 0x000000070c700000|  0%| F|  |TAMS 0x000000070c600000, 0x000000070c600000| Untracked 
| 145|0x000000070c700000, 0x000000070c700000, 0x000000070c800000|  0%| F|  |TAMS 0x000000070c700000, 0x000000070c700000| Untracked 
| 146|0x000000070c800000, 0x000000070c800000, 0x000000070c900000|  0%| F|  |TAMS 0x000000070c800000, 0x000000070c800000| Untracked 
| 147|0x000000070c900000, 0x000000070c900000, 0x000000070ca00000|  0%| F|  |TAMS 0x000000070c900000, 0x000000070c900000| Untracked 
| 148|0x000000070ca00000, 0x000000070ca00000, 0x000000070cb00000|  0%| F|  |TAMS 0x000000070ca00000, 0x000000070ca00000| Untracked 
| 149|0x000000070cb00000, 0x000000070cb00000, 0x000000070cc00000|  0%| F|  |TAMS 0x000000070cb00000, 0x000000070cb00000| Untracked 
| 150|0x000000070cc00000, 0x000000070cc00000, 0x000000070cd00000|  0%| F|  |TAMS 0x000000070cc00000, 0x000000070cc00000| Untracked 
| 151|0x000000070cd00000, 0x000000070cd00000, 0x000000070ce00000|  0%| F|  |TAMS 0x000000070cd00000, 0x000000070cd00000| Untracked 
| 152|0x000000070ce00000, 0x000000070ce00000, 0x000000070cf00000|  0%| F|  |TAMS 0x000000070ce00000, 0x000000070ce00000| Untracked 
| 153|0x000000070cf00000, 0x000000070cf00000, 0x000000070d000000|  0%| F|  |TAMS 0x000000070cf00000, 0x000000070cf00000| Untracked 
| 154|0x000000070d000000, 0x000000070d000000, 0x000000070d100000|  0%| F|  |TAMS 0x000000070d000000, 0x000000070d000000| Untracked 
| 155|0x000000070d100000, 0x000000070d100000, 0x000000070d200000|  0%| F|  |TAMS 0x000000070d100000, 0x000000070d100000| Untracked 
| 156|0x000000070d200000, 0x000000070d200000, 0x000000070d300000|  0%| F|  |TAMS 0x000000070d200000, 0x000000070d200000| Untracked 
| 157|0x000000070d300000, 0x000000070d300000, 0x000000070d400000|  0%| F|  |TAMS 0x000000070d300000, 0x000000070d300000| Untracked 
| 158|0x000000070d400000, 0x000000070d400000, 0x000000070d500000|  0%| F|  |TAMS 0x000000070d400000, 0x000000070d400000| Untracked 
| 159|0x000000070d500000, 0x000000070d500000, 0x000000070d600000|  0%| F|  |TAMS 0x000000070d500000, 0x000000070d500000| Untracked 
| 160|0x000000070d600000, 0x000000070d600000, 0x000000070d700000|  0%| F|  |TAMS 0x000000070d600000, 0x000000070d600000| Untracked 
| 161|0x000000070d700000, 0x000000070d700000, 0x000000070d800000|  0%| F|  |TAMS 0x000000070d700000, 0x000000070d700000| Untracked 
| 162|0x000000070d800000, 0x000000070d800000, 0x000000070d900000|  0%| F|  |TAMS 0x000000070d800000, 0x000000070d800000| Untracked 
| 163|0x000000070d900000, 0x000000070d900000, 0x000000070da00000|  0%| F|  |TAMS 0x000000070d900000, 0x000000070d900000| Untracked 
| 164|0x000000070da00000, 0x000000070da00000, 0x000000070db00000|  0%| F|  |TAMS 0x000000070da00000, 0x000000070da00000| Untracked 
| 165|0x000000070db00000, 0x000000070db00000, 0x000000070dc00000|  0%| F|  |TAMS 0x000000070db00000, 0x000000070db00000| Untracked 
| 166|0x000000070dc00000, 0x000000070dc00000, 0x000000070dd00000|  0%| F|  |TAMS 0x000000070dc00000, 0x000000070dc00000| Untracked 
| 167|0x000000070dd00000, 0x000000070dd00000, 0x000000070de00000|  0%| F|  |TAMS 0x000000070dd00000, 0x000000070dd00000| Untracked 
| 168|0x000000070de00000, 0x000000070de00000, 0x000000070df00000|  0%| F|  |TAMS 0x000000070de00000, 0x000000070de00000| Untracked 
| 169|0x000000070df00000, 0x000000070df00000, 0x000000070e000000|  0%| F|  |TAMS 0x000000070df00000, 0x000000070df00000| Untracked 
| 170|0x000000070e000000, 0x000000070e000000, 0x000000070e100000|  0%| F|  |TAMS 0x000000070e000000, 0x000000070e000000| Untracked 
| 171|0x000000070e100000, 0x000000070e100000, 0x000000070e200000|  0%| F|  |TAMS 0x000000070e100000, 0x000000070e100000| Untracked 
| 172|0x000000070e200000, 0x000000070e200000, 0x000000070e300000|  0%| F|  |TAMS 0x000000070e200000, 0x000000070e200000| Untracked 
| 173|0x000000070e300000, 0x000000070e300000, 0x000000070e400000|  0%| F|  |TAMS 0x000000070e300000, 0x000000070e300000| Untracked 
| 174|0x000000070e400000, 0x000000070e400000, 0x000000070e500000|  0%| F|  |TAMS 0x000000070e400000, 0x000000070e400000| Untracked 
| 175|0x000000070e500000, 0x000000070e500000, 0x000000070e600000|  0%| F|  |TAMS 0x000000070e500000, 0x000000070e500000| Untracked 
| 176|0x000000070e600000, 0x000000070e600000, 0x000000070e700000|  0%| F|  |TAMS 0x000000070e600000, 0x000000070e600000| Untracked 
| 177|0x000000070e700000, 0x000000070e700000, 0x000000070e800000|  0%| F|  |TAMS 0x000000070e700000, 0x000000070e700000| Untracked 
| 178|0x000000070e800000, 0x000000070e800000, 0x000000070e900000|  0%| F|  |TAMS 0x000000070e800000, 0x000000070e800000| Untracked 
| 179|0x000000070e900000, 0x000000070e900000, 0x000000070ea00000|  0%| F|  |TAMS 0x000000070e900000, 0x000000070e900000| Untracked 
| 180|0x000000070ea00000, 0x000000070ea00000, 0x000000070eb00000|  0%| F|  |TAMS 0x000000070ea00000, 0x000000070ea00000| Untracked 
| 181|0x000000070eb00000, 0x000000070eb00000, 0x000000070ec00000|  0%| F|  |TAMS 0x000000070eb00000, 0x000000070eb00000| Untracked 
| 182|0x000000070ec00000, 0x000000070ec00000, 0x000000070ed00000|  0%| F|  |TAMS 0x000000070ec00000, 0x000000070ec00000| Untracked 
| 183|0x000000070ed00000, 0x000000070ed00000, 0x000000070ee00000|  0%| F|  |TAMS 0x000000070ed00000, 0x000000070ed00000| Untracked 
| 184|0x000000070ee00000, 0x000000070ee00000, 0x000000070ef00000|  0%| F|  |TAMS 0x000000070ee00000, 0x000000070ee00000| Untracked 
| 185|0x000000070ef00000, 0x000000070ef00000, 0x000000070f000000|  0%| F|  |TAMS 0x000000070ef00000, 0x000000070ef00000| Untracked 
| 186|0x000000070f000000, 0x000000070f077fc0, 0x000000070f100000| 46%| E|  |TAMS 0x000000070f000000, 0x000000070f000000| Complete 
| 187|0x000000070f100000, 0x000000070f200000, 0x000000070f200000|100%| E|CS|TAMS 0x000000070f100000, 0x000000070f100000| Complete 
| 188|0x000000070f200000, 0x000000070f300000, 0x000000070f300000|100%| E|CS|TAMS 0x000000070f200000, 0x000000070f200000| Complete 
| 189|0x000000070f300000, 0x000000070f400000, 0x000000070f400000|100%| E|CS|TAMS 0x000000070f300000, 0x000000070f300000| Complete 
| 190|0x000000070f400000, 0x000000070f500000, 0x000000070f500000|100%| E|CS|TAMS 0x000000070f400000, 0x000000070f400000| Complete 
| 191|0x000000070f500000, 0x000000070f600000, 0x000000070f600000|100%| E|CS|TAMS 0x000000070f500000, 0x000000070f500000| Complete 
| 192|0x000000070f600000, 0x000000070f700000, 0x000000070f700000|100%| E|CS|TAMS 0x000000070f600000, 0x000000070f600000| Complete 
| 193|0x000000070f700000, 0x000000070f800000, 0x000000070f800000|100%| E|CS|TAMS 0x000000070f700000, 0x000000070f700000| Complete 
| 194|0x000000070f800000, 0x000000070f900000, 0x000000070f900000|100%| E|CS|TAMS 0x000000070f800000, 0x000000070f800000| Complete 
| 195|0x000000070f900000, 0x000000070fa00000, 0x000000070fa00000|100%| E|CS|TAMS 0x000000070f900000, 0x000000070f900000| Complete 
| 196|0x000000070fa00000, 0x000000070fb00000, 0x000000070fb00000|100%| E|CS|TAMS 0x000000070fa00000, 0x000000070fa00000| Complete 
| 197|0x000000070fb00000, 0x000000070fc00000, 0x000000070fc00000|100%| E|CS|TAMS 0x000000070fb00000, 0x000000070fb00000| Complete 
| 198|0x000000070fc00000, 0x000000070fd00000, 0x000000070fd00000|100%| E|CS|TAMS 0x000000070fc00000, 0x000000070fc00000| Complete 
| 199|0x000000070fd00000, 0x000000070fe00000, 0x000000070fe00000|100%| E|CS|TAMS 0x000000070fd00000, 0x000000070fd00000| Complete 
| 200|0x000000070fe00000, 0x000000070ff00000, 0x000000070ff00000|100%| E|CS|TAMS 0x000000070fe00000, 0x000000070fe00000| Complete 
| 201|0x000000070ff00000, 0x0000000710000000, 0x0000000710000000|100%| E|CS|TAMS 0x000000070ff00000, 0x000000070ff00000| Complete 
| 202|0x0000000710000000, 0x0000000710100000, 0x0000000710100000|100%| E|CS|TAMS 0x0000000710000000, 0x0000000710000000| Complete 
| 203|0x0000000710100000, 0x0000000710200000, 0x0000000710200000|100%| E|CS|TAMS 0x0000000710100000, 0x0000000710100000| Complete 
| 204|0x0000000710200000, 0x0000000710300000, 0x0000000710300000|100%| E|CS|TAMS 0x0000000710200000, 0x0000000710200000| Complete 
| 205|0x0000000710300000, 0x0000000710400000, 0x0000000710400000|100%| E|CS|TAMS 0x0000000710300000, 0x0000000710300000| Complete 
| 206|0x0000000710400000, 0x0000000710500000, 0x0000000710500000|100%| E|CS|TAMS 0x0000000710400000, 0x0000000710400000| Complete 
| 207|0x0000000710500000, 0x0000000710600000, 0x0000000710600000|100%| E|CS|TAMS 0x0000000710500000, 0x0000000710500000| Complete 
| 208|0x0000000710600000, 0x0000000710700000, 0x0000000710700000|100%| E|CS|TAMS 0x0000000710600000, 0x0000000710600000| Complete 
| 209|0x0000000710700000, 0x0000000710800000, 0x0000000710800000|100%| E|CS|TAMS 0x0000000710700000, 0x0000000710700000| Complete 
| 210|0x0000000710800000, 0x0000000710900000, 0x0000000710900000|100%| E|CS|TAMS 0x0000000710800000, 0x0000000710800000| Complete 
| 211|0x0000000710900000, 0x0000000710a00000, 0x0000000710a00000|100%| S|CS|TAMS 0x0000000710900000, 0x0000000710900000| Complete 
| 212|0x0000000710a00000, 0x0000000710b00000, 0x0000000710b00000|100%| S|CS|TAMS 0x0000000710a00000, 0x0000000710a00000| Complete 
| 213|0x0000000710b00000, 0x0000000710c00000, 0x0000000710c00000|100%| S|CS|TAMS 0x0000000710b00000, 0x0000000710b00000| Complete 
| 214|0x0000000710c00000, 0x0000000710d00000, 0x0000000710d00000|100%| S|CS|TAMS 0x0000000710c00000, 0x0000000710c00000| Complete 
| 215|0x0000000710d00000, 0x0000000710e00000, 0x0000000710e00000|100%| S|CS|TAMS 0x0000000710d00000, 0x0000000710d00000| Complete 
| 216|0x0000000710e00000, 0x0000000710f00000, 0x0000000710f00000|100%| S|CS|TAMS 0x0000000710e00000, 0x0000000710e00000| Complete 
| 217|0x0000000710f00000, 0x0000000711000000, 0x0000000711000000|100%| S|CS|TAMS 0x0000000710f00000, 0x0000000710f00000| Complete 
| 218|0x0000000711000000, 0x0000000711100000, 0x0000000711100000|100%| E|CS|TAMS 0x0000000711000000, 0x0000000711000000| Complete 
| 219|0x0000000711100000, 0x0000000711200000, 0x0000000711200000|100%| E|CS|TAMS 0x0000000711100000, 0x0000000711100000| Complete 
| 220|0x0000000711200000, 0x0000000711300000, 0x0000000711300000|100%| E|CS|TAMS 0x0000000711200000, 0x0000000711200000| Complete 
| 221|0x0000000711300000, 0x0000000711400000, 0x0000000711400000|100%| E|CS|TAMS 0x0000000711300000, 0x0000000711300000| Complete 
| 222|0x0000000711400000, 0x0000000711500000, 0x0000000711500000|100%| E|CS|TAMS 0x0000000711400000, 0x0000000711400000| Complete 
| 223|0x0000000711500000, 0x0000000711600000, 0x0000000711600000|100%| E|CS|TAMS 0x0000000711500000, 0x0000000711500000| Complete 
| 224|0x0000000711600000, 0x0000000711700000, 0x0000000711700000|100%| E|CS|TAMS 0x0000000711600000, 0x0000000711600000| Complete 
| 225|0x0000000711700000, 0x0000000711800000, 0x0000000711800000|100%| E|CS|TAMS 0x0000000711700000, 0x0000000711700000| Complete 
| 226|0x0000000711800000, 0x0000000711900000, 0x0000000711900000|100%| E|CS|TAMS 0x0000000711800000, 0x0000000711800000| Complete 
| 227|0x0000000711900000, 0x0000000711a00000, 0x0000000711a00000|100%| E|CS|TAMS 0x0000000711900000, 0x0000000711900000| Complete 
| 228|0x0000000711a00000, 0x0000000711b00000, 0x0000000711b00000|100%| E|CS|TAMS 0x0000000711a00000, 0x0000000711a00000| Complete 
| 229|0x0000000711b00000, 0x0000000711c00000, 0x0000000711c00000|100%| E|CS|TAMS 0x0000000711b00000, 0x0000000711b00000| Complete 
| 230|0x0000000711c00000, 0x0000000711d00000, 0x0000000711d00000|100%| E|CS|TAMS 0x0000000711c00000, 0x0000000711c00000| Complete 
| 231|0x0000000711d00000, 0x0000000711e00000, 0x0000000711e00000|100%| E|CS|TAMS 0x0000000711d00000, 0x0000000711d00000| Complete 
| 232|0x0000000711e00000, 0x0000000711f00000, 0x0000000711f00000|100%| E|CS|TAMS 0x0000000711e00000, 0x0000000711e00000| Complete 
| 233|0x0000000711f00000, 0x0000000712000000, 0x0000000712000000|100%| E|CS|TAMS 0x0000000711f00000, 0x0000000711f00000| Complete 
| 234|0x0000000712000000, 0x0000000712100000, 0x0000000712100000|100%| E|CS|TAMS 0x0000000712000000, 0x0000000712000000| Complete 
| 235|0x0000000712100000, 0x0000000712200000, 0x0000000712200000|100%| E|CS|TAMS 0x0000000712100000, 0x0000000712100000| Complete 
| 236|0x0000000712200000, 0x0000000712300000, 0x0000000712300000|100%| E|CS|TAMS 0x0000000712200000, 0x0000000712200000| Complete 
| 237|0x0000000712300000, 0x0000000712400000, 0x0000000712400000|100%| E|CS|TAMS 0x0000000712300000, 0x0000000712300000| Complete 
| 238|0x0000000712400000, 0x0000000712500000, 0x0000000712500000|100%| E|CS|TAMS 0x0000000712400000, 0x0000000712400000| Complete 
| 239|0x0000000712500000, 0x0000000712600000, 0x0000000712600000|100%| E|CS|TAMS 0x0000000712500000, 0x0000000712500000| Complete 
| 240|0x0000000712600000, 0x0000000712700000, 0x0000000712700000|100%| E|CS|TAMS 0x0000000712600000, 0x0000000712600000| Complete 
| 241|0x0000000712700000, 0x0000000712800000, 0x0000000712800000|100%| E|CS|TAMS 0x0000000712700000, 0x0000000712700000| Complete 
| 242|0x0000000712800000, 0x0000000712900000, 0x0000000712900000|100%| E|CS|TAMS 0x0000000712800000, 0x0000000712800000| Complete 
| 243|0x0000000712900000, 0x0000000712a00000, 0x0000000712a00000|100%| E|CS|TAMS 0x0000000712900000, 0x0000000712900000| Complete 
| 244|0x0000000712a00000, 0x0000000712b00000, 0x0000000712b00000|100%| E|CS|TAMS 0x0000000712a00000, 0x0000000712a00000| Complete 
| 245|0x0000000712b00000, 0x0000000712c00000, 0x0000000712c00000|100%| E|CS|TAMS 0x0000000712b00000, 0x0000000712b00000| Complete 
| 246|0x0000000712c00000, 0x0000000712d00000, 0x0000000712d00000|100%| E|CS|TAMS 0x0000000712c00000, 0x0000000712c00000| Complete 
| 247|0x0000000712d00000, 0x0000000712e00000, 0x0000000712e00000|100%| E|CS|TAMS 0x0000000712d00000, 0x0000000712d00000| Complete 
| 248|0x0000000712e00000, 0x0000000712f00000, 0x0000000712f00000|100%| E|CS|TAMS 0x0000000712e00000, 0x0000000712e00000| Complete 
| 249|0x0000000712f00000, 0x0000000713000000, 0x0000000713000000|100%| E|CS|TAMS 0x0000000712f00000, 0x0000000712f00000| Complete 
| 250|0x0000000713000000, 0x0000000713100000, 0x0000000713100000|100%| E|CS|TAMS 0x0000000713000000, 0x0000000713000000| Complete 
| 251|0x0000000713100000, 0x0000000713200000, 0x0000000713200000|100%| E|CS|TAMS 0x0000000713100000, 0x0000000713100000| Complete 
| 252|0x0000000713200000, 0x0000000713300000, 0x0000000713300000|100%| E|CS|TAMS 0x0000000713200000, 0x0000000713200000| Complete 
| 253|0x0000000713300000, 0x0000000713400000, 0x0000000713400000|100%| E|CS|TAMS 0x0000000713300000, 0x0000000713300000| Complete 

Card table byte_map: [0x0000023d7c960000,0x0000023d7d150000] _byte_map_base: 0x0000023d79145000

Marking Bits (Prev, Next): (CMBitMap*) 0x0000023d73735180, (CMBitMap*) 0x0000023d73735148
 Prev Bits: [0x0000023d12f30000, 0x0000023d16e58000)
 Next Bits: [0x0000023d0f000000, 0x0000023d12f28000)

Polling page: 0x0000023d716a0000

Metaspace:

Usage:
  Non-class:     25.58 MB capacity,    25.00 MB ( 98%) used,   483.34 KB (  2%) free+waste,   111.19 KB ( <1%) overhead. 
      Class:      3.84 MB capacity,     3.45 MB ( 90%) used,   344.60 KB (  9%) free+waste,    54.38 KB (  1%) overhead. 
       Both:     29.42 MB capacity,    28.45 MB ( 97%) used,   827.94 KB (  3%) free+waste,   165.56 KB ( <1%) overhead. 

Virtual space:
  Non-class space:       26.00 MB reserved,      25.75 MB (>99%) committed 
      Class space:        1.00 GB reserved,       3.88 MB ( <1%) committed 
             Both:        1.03 GB reserved,      29.63 MB (  3%) committed 

Chunk freelists:
   Non-Class:  41.00 KB
       Class:  5.00 KB
        Both:  46.00 KB

MaxMetaspaceSize: 17179869184.00 GB
CompressedClassSpaceSize: 1.00 GB
Initial GC threshold: 20.80 MB
Current GC threshold: 35.00 MB
CDS: off

CodeHeap 'non-profiled nmethods': size=120000Kb used=1464Kb max_used=1464Kb free=118535Kb
 bounds [0x0000023d07ad0000, 0x0000023d07d40000, 0x0000023d0f000000]
CodeHeap 'profiled nmethods': size=120000Kb used=6075Kb max_used=6075Kb free=113924Kb
 bounds [0x0000023d005a0000, 0x0000023d00b90000, 0x0000023d07ad0000]
CodeHeap 'non-nmethods': size=5760Kb used=1484Kb max_used=1510Kb free=4275Kb
 bounds [0x0000023d00000000, 0x0000023d00270000, 0x0000023d005a0000]
 total_blobs=4077 nmethods=3248 adapters=741
 compilation: enabled
              stopped_count=0, restarted_count=0
 full_count=0

Compilation events (20 events):
Event: 19.426 Thread 0x0000023d17c8e000 nmethod 3239 0x0000023d00b8ac90 code [0x0000023d00b8aea0, 0x0000023d00b8b568]
Event: 19.484 Thread 0x0000023d17c8e000 3240       3       javafx.beans.property.BooleanPropertyBase::fireValueChangedEvent (8 bytes)
Event: 19.485 Thread 0x0000023d17c8e000 nmethod 3240 0x0000023d00b8b710 code [0x0000023d00b8b8e0, 0x0000023d00b8bb48]
Event: 21.280 Thread 0x0000023d17c8e000 3241       3       com.sun.javafx.tk.quantum.GlassViewEventHandler::handleMouseEvent (108 bytes)
Event: 21.282 Thread 0x0000023d17c8e000 nmethod 3241 0x0000023d00b8bc10 code [0x0000023d00b8be20, 0x0000023d00b8c448]
Event: 21.282 Thread 0x0000023d17c8e000 3242       3       com.sun.javafx.tk.quantum.GlassViewEventHandler$$Lambda$231/0x000000080029c440::get$Lambda (9 bytes)
Event: 21.282 Thread 0x0000023d17c8e000 nmethod 3242 0x0000023d00b8c690 code [0x0000023d00b8c860, 0x0000023d00b8cab8]
Event: 21.282 Thread 0x0000023d17c8e000 3243       3       com.sun.javafx.tk.quantum.GlassViewEventHandler$$Lambda$231/0x000000080029c440::<init> (10 bytes)
Event: 21.282 Thread 0x0000023d17c8e000 nmethod 3243 0x0000023d00b8cb90 code [0x0000023d00b8cd40, 0x0000023d00b8cef8]
Event: 21.282 Thread 0x0000023d17c8e000 3244       3       com.sun.javafx.tk.quantum.GlassViewEventHandler$$Lambda$231/0x000000080029c440::get (8 bytes)
Event: 21.283 Thread 0x0000023d17c8e000 nmethod 3244 0x0000023d00b8cf90 code [0x0000023d00b8d180, 0x0000023d00b8d598]
Event: 21.283 Thread 0x0000023d17c8e000 3245       3       com.sun.javafx.tk.quantum.GlassViewEventHandler::lambda$handleMouseEvent$2 (18 bytes)
Event: 21.284 Thread 0x0000023d17c8e000 nmethod 3245 0x0000023d00b8d790 code [0x0000023d00b8d980, 0x0000023d00b8dd38]
Event: 21.284 Thread 0x0000023d17c8e000 3246       3       javafx.scene.Scene::processMouseEvent (10 bytes)
Event: 21.285 Thread 0x0000023d17c8e000 nmethod 3246 0x0000023d00b8de90 code [0x0000023d00b8e040, 0x0000023d00b8e188]
Event: 22.544 Thread 0x0000023d17c8e000 3247       3       com.sun.javafx.css.PseudoClassState::contains (6 bytes)
Event: 22.544 Thread 0x0000023d17c8e000 nmethod 3247 0x0000023d00b8e290 code [0x0000023d00b8e440, 0x0000023d00b8e568]
Event: 22.544 Thread 0x0000023d17c8e000 3248       3       com.sun.javafx.css.BitSet::contains (63 bytes)
Event: 22.545 Thread 0x0000023d17c8e000 nmethod 3248 0x0000023d00b8e610 code [0x0000023d00b8e800, 0x0000023d00b8ece8]
Event: 80.722 Thread 0x0000023d17c8e000 3249       3       com.sun.javafx.font.FontStrikeDesc::hashCode (68 bytes)

GC Heap History (4 events):
Event: 0.873 GC heap before
{Heap before GC invocations=0 (full 0):
 garbage-first heap   total 260096K, used 23552K [0x0000000703600000, 0x0000000800000000)
  region size 1024K, 24 young (24576K), 0 survivors (0K)
 Metaspace       used 10553K, capacity 10945K, committed 11008K, reserved 1058816K
  class space    used 1055K, capacity 1231K, committed 1280K, reserved 1048576K
}
Event: 0.877 GC heap after
{Heap after GC invocations=1 (full 0):
 garbage-first heap   total 260096K, used 2252K [0x0000000703600000, 0x0000000800000000)
  region size 1024K, 3 young (3072K), 3 survivors (3072K)
 Metaspace       used 10553K, capacity 10945K, committed 11008K, reserved 1058816K
  class space    used 1055K, capacity 1231K, committed 1280K, reserved 1048576K
}
Event: 1.707 GC heap before
{Heap before GC invocations=1 (full 0):
 garbage-first heap   total 260096K, used 35020K [0x0000000703600000, 0x0000000800000000)
  region size 1024K, 36 young (36864K), 3 survivors (3072K)
 Metaspace       used 20604K, capacity 21121K, committed 21248K, reserved 1067008K
  class space    used 2495K, capacity 2731K, committed 2816K, reserved 1048576K
}
Event: 1.720 GC heap after
{Heap after GC invocations=2 (full 0):
 garbage-first heap   total 260096K, used 7168K [0x0000000703600000, 0x0000000800000000)
  region size 1024K, 7 young (7168K), 7 survivors (7168K)
 Metaspace       used 20604K, capacity 21121K, committed 21248K, reserved 1067008K
  class space    used 2495K, capacity 2731K, committed 2816K, reserved 1048576K
}

Deoptimization events (20 events):
Event: 12.102 Thread 0x0000023d184dd000 DEOPT PACKING pc=0x0000023d00997adf sp=0x000000ccd54fe1e0
Event: 12.102 Thread 0x0000023d184dd000 DEOPT UNPACKING pc=0x0000023d0004a95e sp=0x000000ccd54fd690 mode 0
Event: 12.466 Thread 0x0000023d184dd000 DEOPT PACKING pc=0x0000023d0098d128 sp=0x000000ccd54fe350
Event: 12.466 Thread 0x0000023d184dd000 DEOPT UNPACKING pc=0x0000023d0004a95e sp=0x000000ccd54fd770 mode 0
Event: 12.916 Thread 0x0000023d187e4800 Uncommon trap: trap_request=0xffffffde fr.pc=0x0000023d07c21e9c relative=0x000000000000015c
Event: 12.916 Thread 0x0000023d187e4800 Uncommon trap: reason=class_check action=maybe_recompile pc=0x0000023d07c21e9c method=java.io.FilterInputStream.read()I @ 4 c2
Event: 12.916 Thread 0x0000023d187e4800 DEOPT PACKING pc=0x0000023d07c21e9c sp=0x000000ccd56f51b0
Event: 12.916 Thread 0x0000023d187e4800 DEOPT UNPACKING pc=0x0000023d0004a1af sp=0x000000ccd56f5170 mode 2
Event: 12.916 Thread 0x0000023d187e4800 Uncommon trap: trap_request=0xffffffde fr.pc=0x0000023d07c21e9c relative=0x000000000000015c
Event: 12.916 Thread 0x0000023d187e4800 Uncommon trap: reason=class_check action=maybe_recompile pc=0x0000023d07c21e9c method=java.io.FilterInputStream.read()I @ 4 c2
Event: 12.916 Thread 0x0000023d187e4800 DEOPT PACKING pc=0x0000023d07c21e9c sp=0x000000ccd56f51b0
Event: 12.916 Thread 0x0000023d187e4800 DEOPT UNPACKING pc=0x0000023d0004a1af sp=0x000000ccd56f5170 mode 2
Event: 12.916 Thread 0x0000023d187e4800 Uncommon trap: trap_request=0xffffffde fr.pc=0x0000023d07c21e9c relative=0x000000000000015c
Event: 12.916 Thread 0x0000023d187e4800 Uncommon trap: reason=class_check action=maybe_recompile pc=0x0000023d07c21e9c method=java.io.FilterInputStream.read()I @ 4 c2
Event: 12.916 Thread 0x0000023d187e4800 DEOPT PACKING pc=0x0000023d07c21e9c sp=0x000000ccd56f51b0
Event: 12.916 Thread 0x0000023d187e4800 DEOPT UNPACKING pc=0x0000023d0004a1af sp=0x000000ccd56f5170 mode 2
Event: 12.916 Thread 0x0000023d187e4800 Uncommon trap: trap_request=0xffffffde fr.pc=0x0000023d07c21e9c relative=0x000000000000015c
Event: 12.916 Thread 0x0000023d187e4800 Uncommon trap: reason=class_check action=maybe_recompile pc=0x0000023d07c21e9c method=java.io.FilterInputStream.read()I @ 4 c2
Event: 12.916 Thread 0x0000023d187e4800 DEOPT PACKING pc=0x0000023d07c21e9c sp=0x000000ccd56f51b0
Event: 12.916 Thread 0x0000023d187e4800 DEOPT UNPACKING pc=0x0000023d0004a1af sp=0x000000ccd56f5170 mode 2

Classes redefined (0 events):
No events

Internal exceptions (20 events):
Event: 2.466 Thread 0x0000023d187e4800 Exception <a 'java/lang/NoSuchMethodError'{0x0000000713012fe0}: 'java.lang.Object java.lang.invoke.DirectMethodHandle$Holder.invokeStatic(java.lang.Object, java.lang.Object, long)'> (0x0000000713012fe0) thrown at [./src/hotspot/share/interpreter/linkResolver.cpp, line 773]
Event: 2.467 Thread 0x0000023d187e4800 Exception <a 'java/lang/NoSuchMethodError'{0x0000000713019158}: 'java.lang.Object java.lang.invoke.Invokers$Holder.linkToTargetMethod(java.lang.Object, long, java.lang.Object)'> (0x0000000713019158) thrown at [./src/hotspot/share/interpreter/linkResolver.cpp, line 773]
Event: 2.683 Thread 0x0000023d187e4800 Exception <a 'java/lang/ClassNotFoundException'{0x0000000712e80478}: com/sun/javafx/scene/control/skin/resources/controls> (0x0000000712e80478) thrown at [./src/hotspot/share/prims/jni.cpp, line 638]
Event: 2.685 Thread 0x0000023d187e4800 Exception <a 'java/lang/ClassNotFoundException'{0x0000000712e8e9a8}: com/sun/javafx/scene/control/skin/resources/controls_pt> (0x0000000712e8e9a8) thrown at [./src/hotspot/share/prims/jni.cpp, line 638]
Event: 2.685 Thread 0x0000023d187e4800 Exception <a 'java/lang/ClassNotFoundException'{0x0000000712e906b0}: com/sun/javafx/scene/control/skin/resources/controls_pt_PT> (0x0000000712e906b0) thrown at [./src/hotspot/share/prims/jni.cpp, line 638]
Event: 11.419 Thread 0x0000023d187e4800 Exception <a 'sun/nio/fs/WindowsException'{0x0000000711ebee30}> (0x0000000711ebee30) thrown at [./src/hotspot/share/prims/jni.cpp, line 617]
Event: 11.428 Thread 0x0000023d187e4800 Exception <a 'java/lang/NoSuchMethodError'{0x0000000711eccd50}: 'java.lang.Object java.lang.invoke.DirectMethodHandle$Holder.invokeStatic(java.lang.Object, int, java.lang.Object)'> (0x0000000711eccd50) thrown at [./src/hotspot/share/interpreter/linkResolver.cpp, line 773]
Event: 11.436 Thread 0x0000023d187e4800 Exception <a 'java/lang/ClassNotFoundException'{0x0000000711edf080}: sun/util/logging/resources/spi/loggingProvider> (0x0000000711edf080) thrown at [./src/hotspot/share/classfile/systemDictionary.cpp, line 230]
Event: 11.477 Thread 0x0000023d187e4800 Implicit null exception at 0x0000023d07b05df7 to 0x0000023d07b06314
Event: 11.496 Thread 0x0000023d187e4800 Implicit null exception at 0x0000023d07aefd74 to 0x0000023d07af0264
Event: 11.637 Thread 0x0000023d187e4800 Exception <a 'java/lang/ClassNotFoundException'{0x000000071196f9a0}: sun/awt/resources/spi/awtProvider> (0x000000071196f9a0) thrown at [./src/hotspot/share/classfile/systemDictionary.cpp, line 230]
Event: 11.648 Thread 0x0000023d187e4800 Exception <a 'java/io/FileNotFoundException'{0x00000007119af848}> (0x00000007119af848) thrown at [./src/hotspot/share/prims/jni.cpp, line 617]
Event: 11.650 Thread 0x0000023d187e4800 Exception <a 'java/io/FileNotFoundException'{0x00000007119b3c60}> (0x00000007119b3c60) thrown at [./src/hotspot/share/prims/jni.cpp, line 617]
Event: 11.661 Thread 0x0000023d187e4800 Exception <a 'sun/nio/fs/WindowsException'{0x00000007119c3ae0}> (0x00000007119c3ae0) thrown at [./src/hotspot/share/prims/jni.cpp, line 617]
Event: 11.662 Thread 0x0000023d187e4800 Exception <a 'sun/nio/fs/WindowsException'{0x00000007119c8580}> (0x00000007119c8580) thrown at [./src/hotspot/share/prims/jni.cpp, line 617]
Event: 11.663 Thread 0x0000023d187e4800 Exception <a 'sun/nio/fs/WindowsException'{0x00000007119cd788}> (0x00000007119cd788) thrown at [./src/hotspot/share/prims/jni.cpp, line 617]
Event: 11.664 Thread 0x0000023d187e4800 Exception <a 'sun/nio/fs/WindowsException'{0x00000007119d1f28}> (0x00000007119d1f28) thrown at [./src/hotspot/share/prims/jni.cpp, line 617]
Event: 11.665 Thread 0x0000023d187e4800 Exception <a 'sun/nio/fs/WindowsException'{0x00000007119d6cd8}> (0x00000007119d6cd8) thrown at [./src/hotspot/share/prims/jni.cpp, line 617]
Event: 12.080 Thread 0x0000023d187e4800 Exception <a 'java/lang/NullPointerException'{0x000000070f4aa2c0}> (0x000000070f4aa2c0) thrown at [./src/hotspot/share/interpreter/linkResolver.cpp, line 1440]
Event: 80.722 Thread 0x0000023d198d4000 Exception <a 'java/lang/IllegalStateException'{0x000000070f005fc0}> (0x000000070f005fc0) thrown at [./src/hotspot/share/prims/jvm.cpp, line 1310]

Events (20 events):
Event: 80.718 loading class com/sun/javafx/tk/quantum/QuantumRenderer
Event: 80.718 loading class com/sun/javafx/tk/quantum/QuantumRenderer done
Event: 80.718 Executing VM operation: RevokeBias
Event: 80.719 Executing VM operation: RevokeBias done
Event: 80.719 Executing VM operation: RevokeBias
Event: 80.719 Executing VM operation: RevokeBias done
Event: 80.719 Executing VM operation: RevokeBias
Event: 80.720 Executing VM operation: RevokeBias done
Event: 80.720 Executing VM operation: RevokeBias
Event: 80.720 Executing VM operation: RevokeBias done
Event: 80.720 Executing VM operation: BulkRevokeBias
Event: 80.721 Executing VM operation: BulkRevokeBias done
Event: 80.721 Executing VM operation: RevokeBias
Event: 80.721 Executing VM operation: RevokeBias done
Event: 80.721 loading class com/sun/javafx/tk/quantum/QuantumToolkit
Event: 80.721 loading class com/sun/javafx/tk/quantum/QuantumToolkit done
Event: 80.721 Thread 0x0000023d198d4800 Thread exited: 0x0000023d198d4800
Event: 80.722 Thread 0x0000023d198d4000 Thread exited: 0x0000023d198d4000
Event: 80.722 Executing VM operation: Exit
Event: 80.722 Thread 0x0000023d17c84800 Thread exited: 0x0000023d17c84800


Dynamic libraries:
0x00007ff713140000 - 0x00007ff71314d000 	C:\Users\renat\.jdks\corretto-11.0.17\bin\java.exe
0x00007ffa74dd0000 - 0x00007ffa74fe4000 	C:\WINDOWS\SYSTEM32\ntdll.dll
0x00007ffa73fc0000 - 0x00007ffa74082000 	C:\WINDOWS\System32\KERNEL32.DLL
0x00007ffa723e0000 - 0x00007ffa7277d000 	C:\WINDOWS\System32\KERNELBASE.dll
0x00007ffa72820000 - 0x00007ffa72931000 	C:\WINDOWS\System32\ucrtbase.dll
0x00007ffa67bb0000 - 0x00007ffa67bc9000 	C:\Users\renat\.jdks\corretto-11.0.17\bin\VCRUNTIME140.dll
0x00007ffa663c0000 - 0x00007ffa663d7000 	C:\Users\renat\.jdks\corretto-11.0.17\bin\jli.dll
0x00007ffa74310000 - 0x00007ffa744ba000 	C:\WINDOWS\System32\USER32.dll
0x00007ffa64e80000 - 0x00007ffa6510e000 	C:\WINDOWS\WinSxS\amd64_microsoft.windows.common-controls_6595b64144ccf1df_6.0.22621.608_none_a9444ca7c10bb01d\COMCTL32.dll
0x00007ffa723b0000 - 0x00007ffa723d6000 	C:\WINDOWS\System32\win32u.dll
0x00007ffa72c30000 - 0x00007ffa72cd7000 	C:\WINDOWS\System32\msvcrt.dll
0x00007ffa74850000 - 0x00007ffa74879000 	C:\WINDOWS\System32\GDI32.dll
0x00007ffa72ab0000 - 0x00007ffa72bc2000 	C:\WINDOWS\System32\gdi32full.dll
0x00007ffa72780000 - 0x00007ffa7281a000 	C:\WINDOWS\System32\msvcp_win.dll
0x00007ffa744c0000 - 0x00007ffa744f2000 	C:\WINDOWS\System32\IMM32.DLL
0x00007ffa32160000 - 0x00007ffa321fb000 	C:\Users\renat\.jdks\corretto-11.0.17\bin\msvcp140.dll
0x00007ffa25ef0000 - 0x00007ffa26a75000 	C:\Users\renat\.jdks\corretto-11.0.17\bin\server\jvm.dll
0x00007ffa74530000 - 0x00007ffa745de000 	C:\WINDOWS\System32\ADVAPI32.dll
0x00007ffa740a0000 - 0x00007ffa74144000 	C:\WINDOWS\System32\sechost.dll
0x00007ffa74c10000 - 0x00007ffa74d25000 	C:\WINDOWS\System32\RPCRT4.dll
0x00007ffa74520000 - 0x00007ffa74528000 	C:\WINDOWS\System32\PSAPI.DLL
0x00007ffa66080000 - 0x00007ffa660b4000 	C:\WINDOWS\SYSTEM32\WINMM.dll
0x00007ffa6a300000 - 0x00007ffa6a309000 	C:\WINDOWS\SYSTEM32\WSOCK32.dll
0x00007ffa65210000 - 0x00007ffa6521a000 	C:\WINDOWS\SYSTEM32\VERSION.dll
0x00007ffa73630000 - 0x00007ffa736a1000 	C:\WINDOWS\System32\WS2_32.dll
0x00007ffa71330000 - 0x00007ffa71348000 	C:\WINDOWS\SYSTEM32\kernel.appcore.dll
0x00007ffa67d40000 - 0x00007ffa67d50000 	C:\Users\renat\.jdks\corretto-11.0.17\bin\verify.dll
0x00007ffa6fbc0000 - 0x00007ffa6fdee000 	C:\WINDOWS\SYSTEM32\DBGHELP.DLL
0x00007ffa73c30000 - 0x00007ffa73fba000 	C:\WINDOWS\System32\combase.dll
0x00007ffa73550000 - 0x00007ffa73627000 	C:\WINDOWS\System32\OLEAUT32.dll
0x00007ffa5f090000 - 0x00007ffa5f0c2000 	C:\WINDOWS\SYSTEM32\dbgcore.DLL
0x00007ffa72200000 - 0x00007ffa7227b000 	C:\WINDOWS\System32\bcryptPrimitives.dll
0x00007ffa66390000 - 0x00007ffa663b8000 	C:\Users\renat\.jdks\corretto-11.0.17\bin\java.dll
0x00007ffa659b0000 - 0x00007ffa659ba000 	C:\Users\renat\.jdks\corretto-11.0.17\bin\jimage.dll
0x00007ffa68090000 - 0x00007ffa6809e000 	C:\Users\renat\.jdks\corretto-11.0.17\bin\instrument.dll
0x00007ffa65290000 - 0x00007ffa652a8000 	C:\Users\renat\.jdks\corretto-11.0.17\bin\zip.dll
0x00007ffa72d70000 - 0x00007ffa73550000 	C:\WINDOWS\System32\SHELL32.dll
0x00007ffa70200000 - 0x00007ffa70ac5000 	C:\WINDOWS\SYSTEM32\windows.storage.dll
0x00007ffa700c0000 - 0x00007ffa701fe000 	C:\WINDOWS\SYSTEM32\wintypes.dll
0x00007ffa74750000 - 0x00007ffa74841000 	C:\WINDOWS\System32\SHCORE.dll
0x00007ffa73b50000 - 0x00007ffa73bae000 	C:\WINDOWS\System32\shlwapi.dll
0x00007ffa72130000 - 0x00007ffa72151000 	C:\WINDOWS\SYSTEM32\profapi.dll
0x00007ffa5d2b0000 - 0x00007ffa5d2c9000 	C:\Users\renat\.jdks\corretto-11.0.17\bin\net.dll
0x00007ffa69810000 - 0x00007ffa6993f000 	C:\WINDOWS\SYSTEM32\WINHTTP.dll
0x00007ffa717c0000 - 0x00007ffa71829000 	C:\WINDOWS\system32\mswsock.dll
0x00007ffa5d290000 - 0x00007ffa5d2a3000 	C:\Users\renat\.jdks\corretto-11.0.17\bin\nio.dll
0x00007ffa65ac0000 - 0x00007ffa65ada000 	C:\Program Files\JetBrains\IntelliJ IDEA 2022.2.3\bin\breakgen64.dll
0x0000023d735d0000 - 0x0000023d735d3000 	C:\Users\renat\.openjfx\cache\19+11\amd64\api-ms-win-core-console-l1-1-0.dll
0x0000023d735e0000 - 0x0000023d735e3000 	C:\Users\renat\.openjfx\cache\19+11\amd64\api-ms-win-core-console-l1-2-0.dll
0x0000023d735f0000 - 0x0000023d735f3000 	C:\Users\renat\.openjfx\cache\19+11\amd64\api-ms-win-core-datetime-l1-1-0.dll
0x0000023d73600000 - 0x0000023d73603000 	C:\Users\renat\.openjfx\cache\19+11\amd64\api-ms-win-core-debug-l1-1-0.dll
0x0000023d73610000 - 0x0000023d73613000 	C:\Users\renat\.openjfx\cache\19+11\amd64\api-ms-win-core-errorhandling-l1-1-0.dll
0x0000023d73620000 - 0x0000023d73624000 	C:\Users\renat\.openjfx\cache\19+11\amd64\api-ms-win-core-file-l1-1-0.dll
0x0000023d73630000 - 0x0000023d73633000 	C:\Users\renat\.openjfx\cache\19+11\amd64\api-ms-win-core-file-l1-2-0.dll
0x0000023d19a90000 - 0x0000023d19a93000 	C:\Users\renat\.openjfx\cache\19+11\amd64\api-ms-win-core-file-l2-1-0.dll
0x0000023d19aa0000 - 0x0000023d19aa3000 	C:\Users\renat\.openjfx\cache\19+11\amd64\api-ms-win-core-handle-l1-1-0.dll
0x0000023d19ab0000 - 0x0000023d19ab3000 	C:\Users\renat\.openjfx\cache\19+11\amd64\api-ms-win-core-heap-l1-1-0.dll
0x0000023d19ac0000 - 0x0000023d19ac3000 	C:\Users\renat\.openjfx\cache\19+11\amd64\api-ms-win-core-interlocked-l1-1-0.dll
0x0000023d19ad0000 - 0x0000023d19ad3000 	C:\Users\renat\.openjfx\cache\19+11\amd64\api-ms-win-core-libraryloader-l1-1-0.dll
0x0000023d19ae0000 - 0x0000023d19ae3000 	C:\Users\renat\.openjfx\cache\19+11\amd64\api-ms-win-core-localization-l1-2-0.dll
0x0000023d19af0000 - 0x0000023d19af3000 	C:\Users\renat\.openjfx\cache\19+11\amd64\api-ms-win-core-memory-l1-1-0.dll
0x0000023d19b00000 - 0x0000023d19b03000 	C:\Users\renat\.openjfx\cache\19+11\amd64\api-ms-win-core-namedpipe-l1-1-0.dll
0x0000023d19b10000 - 0x0000023d19b13000 	C:\Users\renat\.openjfx\cache\19+11\amd64\api-ms-win-core-processenvironment-l1-1-0.dll
0x0000023d19b20000 - 0x0000023d19b23000 	C:\Users\renat\.openjfx\cache\19+11\amd64\api-ms-win-core-processthreads-l1-1-0.dll
0x0000023d19b30000 - 0x0000023d19b33000 	C:\Users\renat\.openjfx\cache\19+11\amd64\api-ms-win-core-processthreads-l1-1-1.dll
0x0000023d19b40000 - 0x0000023d19b43000 	C:\Users\renat\.openjfx\cache\19+11\amd64\api-ms-win-core-profile-l1-1-0.dll
0x0000023d19b50000 - 0x0000023d19b53000 	C:\Users\renat\.openjfx\cache\19+11\amd64\api-ms-win-core-rtlsupport-l1-1-0.dll
0x0000023d19b60000 - 0x0000023d19b63000 	C:\Users\renat\.openjfx\cache\19+11\amd64\api-ms-win-core-string-l1-1-0.dll
0x0000023d19b70000 - 0x0000023d19b73000 	C:\Users\renat\.openjfx\cache\19+11\amd64\api-ms-win-core-synch-l1-1-0.dll
0x0000023d19b80000 - 0x0000023d19b83000 	C:\Users\renat\.openjfx\cache\19+11\amd64\api-ms-win-core-synch-l1-2-0.dll
0x0000023d19b90000 - 0x0000023d19b93000 	C:\Users\renat\.openjfx\cache\19+11\amd64\api-ms-win-core-sysinfo-l1-1-0.dll
0x0000023d19ba0000 - 0x0000023d19ba3000 	C:\Users\renat\.openjfx\cache\19+11\amd64\api-ms-win-core-timezone-l1-1-0.dll
0x0000023d19bb0000 - 0x0000023d19bb3000 	C:\Users\renat\.openjfx\cache\19+11\amd64\api-ms-win-core-util-l1-1-0.dll
0x0000023d19bc0000 - 0x0000023d19bc3000 	C:\Users\renat\.openjfx\cache\19+11\amd64\api-ms-win-crt-conio-l1-1-0.dll
0x0000023d19bd0000 - 0x0000023d19bd4000 	C:\Users\renat\.openjfx\cache\19+11\amd64\api-ms-win-crt-convert-l1-1-0.dll
0x0000023d19be0000 - 0x0000023d19be3000 	C:\Users\renat\.openjfx\cache\19+11\amd64\api-ms-win-crt-environment-l1-1-0.dll
0x0000023d19bf0000 - 0x0000023d19bf3000 	C:\Users\renat\.openjfx\cache\19+11\amd64\api-ms-win-crt-filesystem-l1-1-0.dll
0x0000023d19c00000 - 0x0000023d19c03000 	C:\Users\renat\.openjfx\cache\19+11\amd64\api-ms-win-crt-heap-l1-1-0.dll
0x0000023d19c10000 - 0x0000023d19c13000 	C:\Users\renat\.openjfx\cache\19+11\amd64\api-ms-win-crt-locale-l1-1-0.dll
0x0000023d19c20000 - 0x0000023d19c25000 	C:\Users\renat\.openjfx\cache\19+11\amd64\api-ms-win-crt-math-l1-1-0.dll
0x0000023d19c30000 - 0x0000023d19c35000 	C:\Users\renat\.openjfx\cache\19+11\amd64\api-ms-win-crt-multibyte-l1-1-0.dll
0x0000023d19c40000 - 0x0000023d19c50000 	C:\Users\renat\.openjfx\cache\19+11\amd64\api-ms-win-crt-private-l1-1-0.dll
0x0000023d19c50000 - 0x0000023d19c53000 	C:\Users\renat\.openjfx\cache\19+11\amd64\api-ms-win-crt-process-l1-1-0.dll
0x0000023d19c60000 - 0x0000023d19c64000 	C:\Users\renat\.openjfx\cache\19+11\amd64\api-ms-win-crt-runtime-l1-1-0.dll
0x0000023d19c70000 - 0x0000023d19c74000 	C:\Users\renat\.openjfx\cache\19+11\amd64\api-ms-win-crt-stdio-l1-1-0.dll
0x0000023d19c80000 - 0x0000023d19c84000 	C:\Users\renat\.openjfx\cache\19+11\amd64\api-ms-win-crt-string-l1-1-0.dll
0x0000023d19c90000 - 0x0000023d19c93000 	C:\Users\renat\.openjfx\cache\19+11\amd64\api-ms-win-crt-time-l1-1-0.dll
0x0000023d19ca0000 - 0x0000023d19ca3000 	C:\Users\renat\.openjfx\cache\19+11\amd64\api-ms-win-crt-utility-l1-1-0.dll
0x00007ffa42b10000 - 0x00007ffa42c0c000 	C:\Users\renat\.openjfx\cache\19+11\amd64\ucrtbase.dll
0x00007ffa5e9c0000 - 0x00007ffa5e9db000 	C:\Users\renat\.openjfx\cache\19+11\amd64\vcruntime140.dll
0x00007ffa65f10000 - 0x00007ffa65f1c000 	C:\Users\renat\.openjfx\cache\19+11\amd64\vcruntime140_1.dll
0x00007ffa42eb0000 - 0x00007ffa42f3e000 	C:\Users\renat\.openjfx\cache\19+11\amd64\msvcp140.dll
0x00007ffa65280000 - 0x00007ffa65289000 	C:\Users\renat\.openjfx\cache\19+11\amd64\msvcp140_1.dll
0x00007ffa52de0000 - 0x00007ffa52e10000 	C:\Users\renat\.openjfx\cache\19+11\amd64\msvcp140_2.dll
0x00007ffa44f80000 - 0x00007ffa44fac000 	C:\Users\renat\.openjfx\cache\19+11\amd64\prism_d3d.dll
0x00007ffa5ba40000 - 0x00007ffa5bbe9000 	C:\WINDOWS\system32\d3d9.dll
0x00007ffa6f5c0000 - 0x00007ffa6f5eb000 	C:\WINDOWS\SYSTEM32\dwmapi.dll
0x00007ffa6f630000 - 0x00007ffa6f666000 	C:\WINDOWS\SYSTEM32\dxcore.dll
0x00007ffa6f170000 - 0x00007ffa6f21b000 	C:\WINDOWS\system32\uxtheme.dll
0x00007ffa15400000 - 0x00007ffa15564000 	C:\Windows\System32\DriverStore\FileRepository\iigd_dch.inf_amd64_4a29ab6b0bf7b411\igdumdim64.dll
0x00007ffa74880000 - 0x00007ffa74a1c000 	C:\WINDOWS\System32\ole32.dll
0x00007ff9fa680000 - 0x00007ff9fefac000 	C:\Windows\System32\DriverStore\FileRepository\iigd_dch.inf_amd64_4a29ab6b0bf7b411\igd9dxva64.dll
0x00007ffa736b0000 - 0x00007ffa73b2a000 	C:\WINDOWS\System32\SETUPAPI.dll
0x00007ffa71ef0000 - 0x00007ffa71f3e000 	C:\WINDOWS\SYSTEM32\cfgmgr32.dll
0x00007ffa654a0000 - 0x00007ffa65764000 	C:\Windows\System32\DriverStore\FileRepository\iigd_dch.inf_amd64_4a29ab6b0bf7b411\igdgmm64.dll
0x00007ffa69620000 - 0x00007ffa69669000 	C:\WINDOWS\SYSTEM32\directxdatabasehelper.dll
0x00007ffa43350000 - 0x00007ffa43392000 	C:\Users\renat\.openjfx\cache\19+11\amd64\glass.dll
0x00007ffa745e0000 - 0x00007ffa746d6000 	C:\WINDOWS\System32\COMDLG32.dll
0x00007ffa74af0000 - 0x00007ffa74c0e000 	C:\WINDOWS\System32\MSCTF.dll
0x00007ffa5a0b0000 - 0x00007ffa5a0d7000 	C:\Windows\System32\DriverStore\FileRepository\iigd_dch.inf_amd64_4a29ab6b0bf7b411\igdinfo64.dll
0x00007ffa5ffb0000 - 0x00007ffa62b44000 	C:\Windows\System32\DriverStore\FileRepository\iigd_dch.inf_amd64_4a29ab6b0bf7b411\igc64.dll
0x00007ffa5db80000 - 0x00007ffa5db89000 	C:\Users\renat\.jdks\corretto-11.0.17\bin\prefs.dll
0x00007ffa59bf0000 - 0x00007ffa59c04000 	C:\Users\renat\.openjfx\cache\19+11\amd64\javafx_font.dll
0x00007ffa6ad90000 - 0x00007ffa6aff7000 	C:\WINDOWS\SYSTEM32\dwrite.dll
0x00007ffa74a20000 - 0x00007ffa74ad7000 	C:\WINDOWS\System32\clbcatq.dll
0x00007ffa6b640000 - 0x00007ffa6b7f0000 	C:\WINDOWS\SYSTEM32\WindowsCodecs.dll
0x00007ffa593b0000 - 0x00007ffa5940e000 	C:\WINDOWS\system32\dataexchange.dll
0x00007ffa66e40000 - 0x00007ffa670aa000 	C:\WINDOWS\system32\twinapi.appcore.dll
0x00007ffa542e0000 - 0x00007ffa54312000 	C:\Program Files\Common Files\Microsoft Shared\Ink\rtscom.dll
0x00007ffa5b000000 - 0x00007ffa5b12d000 	C:\WINDOWS\SYSTEM32\textinputframework.dll
0x00007ffa6bd70000 - 0x00007ffa6bea3000 	C:\WINDOWS\SYSTEM32\CoreMessaging.dll
0x00007ffa68b60000 - 0x00007ffa68ecc000 	C:\WINDOWS\SYSTEM32\CoreUIComponents.dll
0x00007ffa71a20000 - 0x00007ffa71a2c000 	C:\WINDOWS\SYSTEM32\CRYPTBASE.DLL
0x00007ffa44fd0000 - 0x00007ffa45039000 	C:\WINDOWS\system32\Oleacc.dll
0x00007ffa348c0000 - 0x00007ffa34a7c000 	C:\WINDOWS\SYSTEM32\DUI70.dll
0x00007ffa367d0000 - 0x00007ffa36869000 	C:\WINDOWS\SYSTEM32\DUser.dll
0x00007ffa18d20000 - 0x00007ffa18dc0000 	C:\Program Files\Common Files\microsoft shared\ink\tiptsf.dll
0x00007ffa51b00000 - 0x00007ffa51b0e000 	C:\WINDOWS\SYSTEM32\atlthunk.dll

dbghelp: loaded successfully - version: 4.0.5 - missing functions: none
symbol engine: initialized successfully - sym options: 0x614 - pdb path: .;C:\Users\renat\.jdks\corretto-11.0.17\bin;C:\WINDOWS\SYSTEM32;C:\WINDOWS\WinSxS\amd64_microsoft.windows.common-controls_6595b64144ccf1df_6.0.22621.608_none_a9444ca7c10bb01d;C:\Users\renat\.jdks\corretto-11.0.17\bin\server;C:\Program Files\JetBrains\IntelliJ IDEA 2022.2.3\bin;C:\Users\renat\.openjfx\cache\19+11\amd64;C:\Windows\System32\DriverStore\FileRepository\iigd_dch.inf_amd64_4a29ab6b0bf7b411;C:\Program Files\Common Files\Microsoft Shared\Ink;C:\WINDOWS\WinSxS\amd64_microsoft.windows.gdiplus_6595b64144ccf1df_1.1.22621.819_none_da30437f1b9d3de1;C:\Users\renat\AppData\Local\Microsoft\OneDrive\22.232.1106.0002;C:\Program Files (x86)\Common Files\AWS\2.5.1.620;C:\Program Files\Google\Drive File Stream\67.0.2.0

VM Arguments:
jvm_args: -javaagent:C:\Program Files\JetBrains\IntelliJ IDEA 2022.2.3\lib\idea_rt.jar=62335:C:\Program Files\JetBrains\IntelliJ IDEA 2022.2.3\bin -Dfile.encoding=UTF-8 --module-path=C:\Users\renat\.m2\repository\org\openjfx\javafx-controls\19\javafx-controls-19-win.jar;C:\Users\renat\.m2\repository\com\google\code\gson\gson\2.10\gson-2.10.jar;C:\Users\renat\t02_1\mainApp\target\classes;C:\Users\renat\.m2\repository\net\jthink\jaudiotagger\3.0.1\jaudiotagger-3.0.1.jar;C:\Users\renat\.m2\repository\org\openjfx\javafx-base\19\javafx-base-19-win.jar;C:\Users\renat\.m2\repository\com\fasterxml\jackson\core\jackson-core\2.14.0\jackson-core-2.14.0.jar;C:\Users\renat\.m2\repository\org\openjfx\javafx-fxml\19\javafx-fxml-19-win.jar;C:\Users\renat\.m2\repository\com\fasterxml\jackson\core\jackson-databind\2.14.0\jackson-databind-2.14.0.jar;C:\Users\renat\.m2\repository\org\openjfx\javafx-swing\19\javafx-swing-19-win.jar;C:\Users\renat\.m2\repository\com\fasterxml\jackson\core\jackson-annotations\2.14.0\jackson-annotations-2.14.0.jar;C:\Users\renat\.m2\repository\org\kordamp\bootstrapfx\bootstrapfx-core\0.4.0\bootstrapfx-core-0.4.0.jar;C:\Users\renat\.m2\repository\org\controlsfx\controlsfx\11.1.2\controlsfx-11.1.2.jar;C:\Users\renat\.m2\repository\org\openjfx\javafx-graphics\19\javafx-graphics-19-win.jar;C:\Users\renat\.m2\repository\org\kordamp\ikonli\ikonli-core\12.3.1\ikonli-core-12.3.1.jar;C:\Users\renat\.m2\repository\org\kordamp\ikonli\ikonli-javafx\12.3.1\ikonli-javafx-12.3.1.jar -Djdk.module.main=com.turdmusic.mainApp 
java_command: com.turdmusic.mainApp/com.turdmusic.mainApp.MainGUI
java_class_path (initial): C:\Users\renat\.m2\repository\org\openjfx\javafx-controls\19\javafx-controls-19.jar;C:\Users\renat\.m2\repository\org\openjfx\javafx-graphics\19\javafx-graphics-19.jar;C:\Users\renat\.m2\repository\org\openjfx\javafx-base\19\javafx-base-19.jar;C:\Users\renat\.m2\repository\org\openjfx\javafx-fxml\19\javafx-fxml-19.jar;C:\Users\renat\.m2\repository\org\openjfx\javafx-swing\19\javafx-swing-19.jar;C:\Users\renat\.m2\repository\org\apiguardian\apiguardian-api\1.1.2\apiguardian-api-1.1.2.jar;C:\Users\renat\.m2\repository\org\junit\jupiter\junit-jupiter\5.9.0\junit-jupiter-5.9.0.jar;C:\Users\renat\.m2\repository\org\junit\jupiter\junit-jupiter-params\5.9.0\junit-jupiter-params-5.9.0.jar;C:\Users\renat\.m2\repository\de\jensd\fontawesomefx-commons\9.1.2\fontawesomefx-commons-9.1.2.jar
Launcher Type: SUN_STANDARD

[Global flags]
     intx CICompilerCount                          = 4                                         {product} {ergonomic}
     uint ConcGCThreads                            = 2                                         {product} {ergonomic}
     uint G1ConcRefinementThreads                  = 8                                         {product} {ergonomic}
   size_t G1HeapRegionSize                         = 1048576                                   {product} {ergonomic}
    uintx GCDrainStackTargetSize                   = 64                                        {product} {ergonomic}
   size_t InitialHeapSize                          = 266338304                                 {product} {ergonomic}
   size_t MarkStackSize                            = 4194304                                   {product} {ergonomic}
   size_t MaxHeapSize                              = 4238344192                                {product} {ergonomic}
   size_t MaxNewSize                               = 2542796800                                {product} {ergonomic}
   size_t MinHeapDeltaBytes                        = 1048576                                   {product} {ergonomic}
    uintx NonNMethodCodeHeapSize                   = 5836300                                {pd product} {ergonomic}
    uintx NonProfiledCodeHeapSize                  = 122910970                              {pd product} {ergonomic}
    uintx ProfiledCodeHeapSize                     = 122910970                              {pd product} {ergonomic}
    uintx ReservedCodeCacheSize                    = 251658240                              {pd product} {ergonomic}
     bool SegmentedCodeCache                       = true                                      {product} {ergonomic}
     bool UseCompressedClassPointers               = true                                 {lp64_product} {ergonomic}
     bool UseCompressedOops                        = true                                 {lp64_product} {ergonomic}
     bool UseG1GC                                  = true                                      {product} {ergonomic}
     bool UseLargePagesIndividualAllocation        = false                                  {pd product} {ergonomic}

Logging:
Log output configuration:
 #0: stdout all=warning uptime,level,tags
 #1: stderr all=off uptime,level,tags

Environment Variables:
PATH=C:\Windows\system32;C:\Windows;C:\Windows\System32\Wbem;C:\Windows\System32\WindowsPowerShell\v1.0\;C:\Windows\System32\OpenSSH\;C:\Program Files (x86)\NVIDIA Corporation\PhysX\Common;C:\WINDOWS\system32;C:\WINDOWS;C:\WINDOWS\System32\Wbem;C:\WINDOWS\System32\WindowsPowerShell\v1.0\;C:\WINDOWS\System32\OpenSSH\;C:\Program Files\Git\cmd;C:\Users\renat\AppData\Local\Microsoft\WindowsApps;;C:\Users\renat\AppData\Local\Programs\Microsoft VS Code\bin;C:\Program Files\JetBrains\IntelliJ IDEA 2022.2.3\bin;
USERNAME=renat
OS=Windows_NT
PROCESSOR_IDENTIFIER=Intel64 Family 6 Model 142 Stepping 12, GenuineIntel
TMP=C:\Users\renat\AppData\Local\Temp
TEMP=C:\Users\renat\AppData\Local\Temp



---------------  S Y S T E M  ---------------

OS: Windows 11 , 64 bit Build 22621 (10.0.22621.755)
OS uptime: 21 days 2:02 hours
Hyper-V role detected

CPU:total 8 (initial active 8) (4 cores per cpu, 2 threads per core) family 6 model 142 stepping 12 microcode 0xde, cmov, cx8, fxsr, mmx, sse, sse2, sse3, ssse3, sse4.1, sse4.2, popcnt, avx, avx2, aes, clmul, erms, 3dnowpref, lzcnt, ht, tsc, tscinvbit, bmi1, bmi2, adx, fma

Memory: 4k page, system-wide physical 16161M (2784M free)
TotalPageFile size 21165M (AvailPageFile size 2391M)
current process WorkingSet (physical memory assigned to process): 271M, peak: 281M
current process commit charge ("private bytes"): 442M, peak: 462M

vm_info: OpenJDK 64-Bit Server VM (11.0.17+8-LTS) for windows-amd64 JRE (11.0.17+8-LTS), built on Oct 14 2022 18:02:01 by "Administrator" with MS VC++ 15.9 (VS2017)

END.
